<?xml version="1.0" encoding="UTF-8"?>
<!-- Generated by org.testng.reporters.JUnitXMLReporter -->
<testsuite hostname="NCDWIN7PXD17440" name="Test" tests="5" failures="0" timestamp="12 Jul 2019 05:50:54 GMT" time="304.994" errors="0">
  <testcase name="verifyTheData" time="77.569" classname="com.upasailpoint.testcase.IdentityVerify"/>
  <testcase name="verifyTheData" time="53.269" classname="com.upasailpoint.testcase.IdentityVerify"/>
  <testcase name="verifyTheData" time="41.525" classname="com.upasailpoint.testcase.IdentityVerify"/>
  <testcase name="verifyTheData" time="45.969" classname="com.upasailpoint.testcase.IdentityVerify"/>
  <testcase name="verifyTheData" time="72.469" classname="com.upasailpoint.testcase.IdentityVerify"/>
</testsuite> <!-- Test -->
