<?xml version="1.0" encoding="UTF-8"?>
<testng-results skipped="0" failed="1" ignored="0" total="12" passed="11">
  <reporter-output>
    <line>
      <![CDATA[UserID: A888XU49]]>
    </line>
    <line>
      <![CDATA[------------------]]>
    </line>
    <line>
      <![CDATA[UserID: A888XU50]]>
    </line>
    <line>
      <![CDATA[------------------]]>
    </line>
    <line>
      <![CDATA[-----------------------------------------------------------------]]>
    </line>
    <line>
      <![CDATA[ALH]]>
    </line>
    <line>
      <![CDATA[-----------------------------------------------------------------]]>
    </line>
    <line>
      <![CDATA[Area:BWS - NSW - Area 8]]>
    </line>
    <line>
      <![CDATA[Area_ID:20000111]]>
    </line>
    <line>
      <![CDATA[Career Group:Retail Operations]]>
    </line>
    <line>
      <![CDATA[Career Level:Team Member (1001)]]>
    </line>
    <line>
      <![CDATA[Career Stream:Retail - Operations]]>
    </line>
    <line>
      <![CDATA[Country:Australia]]>
    </line>
    <line>
      <![CDATA[Default Locale:en_GB]]>
    </line>
    <line>
      <![CDATA[Division:BWS]]>
    </line>
    <line>
      <![CDATA[Division_ID:11000001]]>
    </line>
    <line>
      <![CDATA[Employee Id:A888XU50]]>
    </line>
    <line>
      <![CDATA[Employment Type:Salaried]]>
    </line>
    <line>
      <![CDATA[FT/PT Casual:Full-Time - Non EC]]>
    </line>
    <line>
      <![CDATA[First Name:AlhadFN50]]>
    </line>
    <line>
      <![CDATA[Hire Date:2019-11-07 00:00:00]]>
    </line>
    <line>
      <![CDATA[Human Resource:780976]]>
    </line>
    <line>
      <![CDATA[Job Code:Team Member (30001802)]]>
    </line>
    <line>
      <![CDATA[Last Name:AlhswowLN50]]>
    </line>
    <line>
      <![CDATA[Line Manager:true]]>
    </line>
    <line>
      <![CDATA[Location:Village Green (3680)]]>
    </line>
    <line>
      <![CDATA[Location State:NT]]>
    </line>
    <line>
      <![CDATA[Manager:595370]]>
    </line>
    <line>
      <![CDATA[Middle Name:AlhgleMN50]]>
    </line>
    <line>
      <![CDATA[Ops/Sup:BWS - Store Support]]>
    </line>
    <line>
      <![CDATA[Ops/Sup_ID:13000004]]>
    </line>
    <line>
      <![CDATA[Paying Department:156]]>
    </line>
    <line>
      <![CDATA[Region:BWS - NSW]]>
    </line>
    <line>
      <![CDATA[Region_ID:17000054]]>
    </line>
    <line>
      <![CDATA[STATUS:Active]]>
    </line>
    <line>
      <![CDATA[State:NT]]>
    </line>
    <line>
      <![CDATA[Store:Eight Mile Plains East BWS (ALH)]]>
    </line>
    <line>
      <![CDATA[Store_ID:2096]]>
    </line>
    <line>
      <![CDATA[Time Zone:Australia/Brisbane]]>
    </line>
    <line>
      <![CDATA[Title:BWS Assist Store Manager]]>
    </line>
    <line>
      <![CDATA[Title_ID:P00222]]>
    </line>
    <line>
      <![CDATA[USERID:A888XU50]]>
    </line>
    <line>
      <![CDATA[Username:A888XU50]]>
    </line>
    <line>
      <![CDATA[in EC:2]]>
    </line>
    <line>
      <![CDATA[-----------------------------------------------------------------]]>
    </line>
    <line>
      <![CDATA[Active Directory - CORP.DIR Forest]]>
    </line>
    <line>
      <![CDATA[-----------------------------------------------------------------]]>
    </line>
    <line>
      <![CDATA[CorrelationKey:A888XU50]]>
    </line>
    <line>
      <![CDATA[Must change password on logon:No]]>
    </line>
    <line>
      <![CDATA[Password Never Expires:No]]>
    </line>
    <line>
      <![CDATA[accountExpires:never]]>
    </line>
    <line>
      <![CDATA[accountFlags:Normal User Account]]>
    </line>
    <line>
      <![CDATA[cn:AlhswowLN50 AlhadFN50]]>
    </line>
    <line>
      <![CDATA[company:Woolworths Group]]>
    </line>
    <line>
      <![CDATA[createTimeStamp:2019-07-18 11:09:12]]>
    </line>
    <line>
      <![CDATA[displayName:AlhswowLN50 AlhadFN50]]>
    </line>
    <line>
      <![CDATA[distinguishedName:CN=AlhswowLN50 AlhadFN50,OU=BWS,OU=General,OU=Accounts,OU=H3794_UAT_Accounts,OU=Accounts,DC=woolworths,DC=com,DC=au]]>
    </line>
    <line>
      <![CDATA[employeeID:A888XU50]]>
    </line>
    <line>
      <![CDATA[employeeType:Salaried]]>
    </line>
    <line>
      <![CDATA[givenName:AlhadFN50]]>
    </line>
    <line>
      <![CDATA[modifyTimeStamp:2019-07-18 11:09:12]]>
    </line>
    <line>
      <![CDATA[msDS-PrincipalName:NSWRO\A888XU50]]>
    </line>
    <line>
      <![CDATA[msNPAllowDialin:Not Set]]>
    </line>
    <line>
      <![CDATA[objectClass:organizationalPerson
person
top
user]]>
    </line>
    <line>
      <![CDATA[objectSid:S-1-5-21-1839360793-518795572-315576832-344935]]>
    </line>
    <line>
      <![CDATA[objectType:user]]>
    </line>
    <line>
      <![CDATA[objectguid:{6af057b2-f521-418b-bd23-78c7d8cde782}]]>
    </line>
    <line>
      <![CDATA[pwdLastSet:2019-07-17 13:09:13]]>
    </line>
    <line>
      <![CDATA[sAMAccountName:A888XU50]]>
    </line>
    <line>
      <![CDATA[sn:AlhswowLN50]]>
    </line>
    <line>
      <![CDATA[st:UNKNOWN]]>
    </line>
    <line>
      <![CDATA[street:SyncToAzureAD]]>
    </line>
    <line>
      <![CDATA[title:BWS Assist Store Manager]]>
    </line>
    <line>
      <![CDATA[userAccountControl:512]]>
    </line>
    <line>
      <![CDATA[userPrincipalName:alhadfn50.alhswowln50@test.bws.com.au]]>
    </line>
    <line>
      <![CDATA[-----------------------------------------------------------------]]>
    </line>
    <line>
      <![CDATA[Active Directory - CORP.DIR Forest]]>
    </line>
    <line>
      <![CDATA[-----------------------------------------------------------------]]>
    </line>
    <line>
      <![CDATA[Must change password on logon:No]]>
    </line>
    <line>
      <![CDATA[Password Never Expires:No]]>
    </line>
    <line>
      <![CDATA[cn:AlhswowLN50 AlhadFN50]]>
    </line>
    <line>
      <![CDATA[createTimeStamp:2019-07-18 11:09:13]]>
    </line>
    <line>
      <![CDATA[description:Google Email Forward]]>
    </line>
    <line>
      <![CDATA[displayName:AlhswowLN50 AlhadFN50 - Google]]>
    </line>
    <line>
      <![CDATA[distinguishedName:CN=AlhswowLN50 AlhadFN50,OU=Google Users,OU=Contacts,OU=H3794_UAT_Accounts,OU=Accounts,DC=woolworths,DC=com,DC=au]]>
    </line>
    <line>
      <![CDATA[externalEmailAddress:alhadfn50.alhswowln50.test.bws.com.au@gapps2.woolworths.com.au]]>
    </line>
    <line>
      <![CDATA[givenName:AlhadFN50]]>
    </line>
    <line>
      <![CDATA[mail:alhadfn50.alhswowln50@test.bws.com.au]]>
    </line>
    <line>
      <![CDATA[modifyTimeStamp:2019-07-18 11:09:13]]>
    </line>
    <line>
      <![CDATA[msExchHideFromAddressLists:true]]>
    </line>
    <line>
      <![CDATA[objectClass:contact
organizationalPerson
person
top]]>
    </line>
    <line>
      <![CDATA[objectType:contact]]>
    </line>
    <line>
      <![CDATA[objectguid:{f8645cd9-6dfc-432e-9de0-8fcd752ae525}]]>
    </line>
    <line>
      <![CDATA[sn:AlhswowLN50]]>
    </line>
    <line>
      <![CDATA[-----------------------------------------------------------------]]>
    </line>
    <line>
      <![CDATA[Google Apps]]>
    </line>
    <line>
      <![CDATA[-----------------------------------------------------------------]]>
    </line>
    <line>
      <![CDATA[addresses:{"type":"work","streetAddress":"null null","locality":"NT","country":"Australia","primary":true}]]>
    </line>
    <line>
      <![CDATA[changePasswordAtNextLogin:true]]>
    </line>
    <line>
      <![CDATA[customSchemas.IIQ_Test.eimIdentitySubType:Employee]]>
    </line>
    <line>
      <![CDATA[customSchemas.IIQ_Test.eimIdentityType:Enterprise Identity]]>
    </line>
    <line>
      <![CDATA[customSchemas.IIQ_Test.entid:AA75090917642]]>
    </line>
    <line>
      <![CDATA[customSchemas.IIQ_Test.entlogonid:A888XU50]]>
    </line>
    <line>
      <![CDATA[customSchemas.SSO_Attributes.Primary_Store_ID:156]]>
    </line>
    <line>
      <![CDATA[customSchemas.WOWCustomSchema.ADID:A888XU50]]>
    </line>
    <line>
      <![CDATA[customSchemas.WOWCustomSchema.EmployeeNumber:A888XU50]]>
    </line>
    <line>
      <![CDATA[customSchemas.WOWCustomSchema.SAPID:A888XU50]]>
    </line>
    <line>
      <![CDATA[customerId:C032u2mae]]>
    </line>
    <line>
      <![CDATA[emails:{"address":"alhadfn50.alhswowln50@test.bws.com.au","primary":true}]]>
    </line>
    <line>
      <![CDATA[externalIds:{"value":"A888XU50","type":"organization"}]]>
    </line>
    <line>
      <![CDATA[familyName:AlhswowLN50]]>
    </line>
    <line>
      <![CDATA[fullName:AlhadFN50 AlhswowLN50]]>
    </line>
    <line>
      <![CDATA[givenName:AlhadFN50]]>
    </line>
    <line>
      <![CDATA[includeInGlobalAddressList:true]]>
    </line>
    <line>
      <![CDATA[ipWhitelisted:false]]>
    </line>
    <line>
      <![CDATA[isAdmin:false]]>
    </line>
    <line>
      <![CDATA[isDelegatedAdmin:false]]>
    </line>
    <line>
      <![CDATA[isMailboxSetup:true]]>
    </line>
    <line>
      <![CDATA[lastLoginTime:1970-01-01T00:00:00.000Z]]>
    </line>
    <line>
      <![CDATA[name:{"familyName":"AlhswowLN50","givenName":"AlhadFN50"}]]>
    </line>
    <line>
      <![CDATA[objectID:101436525522263448985]]>
    </line>
    <line>
      <![CDATA[orgUnitPath:/BWS/CorePlus]]>
    </line>
    <line>
      <![CDATA[organizations:{"name":"ALH","title":"BWS Assist Store Manager","primary":true,"customType":"work","department":"BWS","location":"Eight Mile Plains East BWS (ALH)"}]]>
    </line>
    <line>
      <![CDATA[primaryEmail:alhadfn50.alhswowln50@test.bws.com.au]]>
    </line>
    <line>
      <![CDATA[suspended:false]]>
    </line>
    <line>
      <![CDATA[-----------------------------------------------------------------]]>
    </line>
    <line>
      <![CDATA[ServiceWoW]]>
    </line>
    <line>
      <![CDATA[-----------------------------------------------------------------]]>
    </line>
    <line>
      <![CDATA[AccountAccess:Active]]>
    </line>
    <line>
      <![CDATA[active:true]]>
    </line>
    <line>
      <![CDATA[calendar_integration:Outlook]]>
    </line>
    <line>
      <![CDATA[company:ALH]]>
    </line>
    <line>
      <![CDATA[email:alhadfn50.alhswowln50@test.bws.com.au]]>
    </line>
    <line>
      <![CDATA[employee_number:A888XU50]]>
    </line>
    <line>
      <![CDATA[first_name:AlhadFN50]]>
    </line>
    <line>
      <![CDATA[last_name:AlhswowLN50]]>
    </line>
    <line>
      <![CDATA[locked_out:false]]>
    </line>
    <line>
      <![CDATA[name:AlhadFN50 AlhswowLN50]]>
    </line>
    <line>
      <![CDATA[notification:Enable]]>
    </line>
    <line>
      <![CDATA[password_needs_reset:false]]>
    </line>
    <line>
      <![CDATA[source:Sailpoint]]>
    </line>
    <line>
      <![CDATA[sys_class_name:User]]>
    </line>
    <line>
      <![CDATA[sys_created_by:upa.provisioning]]>
    </line>
    <line>
      <![CDATA[sys_created_on:18-07-2019 11:09 AM]]>
    </line>
    <line>
      <![CDATA[sys_domain:global]]>
    </line>
    <line>
      <![CDATA[sys_id:472077c0dbfa7b806f26cae43a9619b7]]>
    </line>
    <line>
      <![CDATA[sys_mod_count:0]]>
    </line>
    <line>
      <![CDATA[sys_updated_by:upa.provisioning]]>
    </line>
    <line>
      <![CDATA[sys_updated_on:18-07-2019 11:09 AM]]>
    </line>
    <line>
      <![CDATA[title:BWS Assist Store Manager]]>
    </line>
    <line>
      <![CDATA[u_enterprise_identity_id:AA75090917642]]>
    </line>
    <line>
      <![CDATA[u_enterprise_logon_id:A888XU50]]>
    </line>
    <line>
      <![CDATA[u_start_date:07-11-2019]]>
    </line>
    <line>
      <![CDATA[u_type:Employee]]>
    </line>
    <line>
      <![CDATA[user_name:A888XU50]]>
    </line>
    <line>
      <![CDATA[vip:false]]>
    </line>
    <line>
      <![CDATA[UserID: A888XU51]]>
    </line>
    <line>
      <![CDATA[------------------]]>
    </line>
    <line>
      <![CDATA[-----------------------------------------------------------------]]>
    </line>
    <line>
      <![CDATA[ALH]]>
    </line>
    <line>
      <![CDATA[-----------------------------------------------------------------]]>
    </line>
    <line>
      <![CDATA[Area:BWS - QLD - Area 1]]>
    </line>
    <line>
      <![CDATA[Area_ID:20000114]]>
    </line>
    <line>
      <![CDATA[Career Group:Retail Operations]]>
    </line>
    <line>
      <![CDATA[Career Level:Team Member (1001)]]>
    </line>
    <line>
      <![CDATA[Career Stream:Retail - Operations]]>
    </line>
    <line>
      <![CDATA[Country:Australia]]>
    </line>
    <line>
      <![CDATA[Default Locale:en_GB]]>
    </line>
    <line>
      <![CDATA[Division:BWS]]>
    </line>
    <line>
      <![CDATA[Division_ID:11000001]]>
    </line>
    <line>
      <![CDATA[Employee Id:A888XU51]]>
    </line>
    <line>
      <![CDATA[Employment Type:EBA/Wage]]>
    </line>
    <line>
      <![CDATA[FT/PT Casual:Part-Time - Non EC]]>
    </line>
    <line>
      <![CDATA[First Name:AlhadFN51]]>
    </line>
    <line>
      <![CDATA[Hire Date:2019-12-09 00:00:00]]>
    </line>
    <line>
      <![CDATA[Human Resource:870792]]>
    </line>
    <line>
      <![CDATA[Job Code:Team Member (30001802)]]>
    </line>
    <line>
      <![CDATA[Last Name:AlhswowLN51]]>
    </line>
    <line>
      <![CDATA[Line Manager:false]]>
    </line>
    <line>
      <![CDATA[Location:Village Tavern (5791)]]>
    </line>
    <line>
      <![CDATA[Location State:QLD]]>
    </line>
    <line>
      <![CDATA[Manager:595370]]>
    </line>
    <line>
      <![CDATA[Middle Name:AlhgleMN51]]>
    </line>
    <line>
      <![CDATA[Ops/Sup:BWS - Store Operations]]>
    </line>
    <line>
      <![CDATA[Ops/Sup_ID:13000003]]>
    </line>
    <line>
      <![CDATA[Paying Department:156]]>
    </line>
    <line>
      <![CDATA[Region:BWS - QLD]]>
    </line>
    <line>
      <![CDATA[Region_ID:17000055]]>
    </line>
    <line>
      <![CDATA[STATUS:Active]]>
    </line>
    <line>
      <![CDATA[State:QLD]]>
    </line>
    <line>
      <![CDATA[Store:Beverley BWS (TAV)]]>
    </line>
    <line>
      <![CDATA[Store_ID:5782]]>
    </line>
    <line>
      <![CDATA[Time Zone:Australia/Darwin]]>
    </line>
    <line>
      <![CDATA[Title:BWS Sales Assistant]]>
    </line>
    <line>
      <![CDATA[Title_ID:P00035]]>
    </line>
    <line>
      <![CDATA[USERID:A888XU51]]>
    </line>
    <line>
      <![CDATA[Username:A888XU51]]>
    </line>
    <line>
      <![CDATA[in EC:2]]>
    </line>
    <line>
      <![CDATA[UserID: A888XU52]]>
    </line>
    <line>
      <![CDATA[------------------]]>
    </line>
    <line>
      <![CDATA[-----------------------------------------------------------------]]>
    </line>
    <line>
      <![CDATA[ALH]]>
    </line>
    <line>
      <![CDATA[-----------------------------------------------------------------]]>
    </line>
    <line>
      <![CDATA[Address 1:Others]]>
    </line>
    <line>
      <![CDATA[Address 2:Others]]>
    </line>
    <line>
      <![CDATA[Area:BWS - QLD]]>
    </line>
    <line>
      <![CDATA[Area_ID:20000113]]>
    </line>
    <line>
      <![CDATA[Business Fax:Others]]>
    </line>
    <line>
      <![CDATA[Career Group:Retail Operations]]>
    </line>
    <line>
      <![CDATA[Career Level:Team Member (1001)]]>
    </line>
    <line>
      <![CDATA[Career Stream:Retail - Operations]]>
    </line>
    <line>
      <![CDATA[City:Others]]>
    </line>
    <line>
      <![CDATA[Country:Australia]]>
    </line>
    <line>
      <![CDATA[Custom Manager:Others]]>
    </line>
    <line>
      <![CDATA[Customizable Field 13:Others]]>
    </line>
    <line>
      <![CDATA[Customizable Field 14:Others]]>
    </line>
    <line>
      <![CDATA[Default Locale:en_GB]]>
    </line>
    <line>
      <![CDATA[Division:BWS]]>
    </line>
    <line>
      <![CDATA[Division_ID:11000001]]>
    </line>
    <line>
      <![CDATA[Employee Id:A888XU52]]>
    </line>
    <line>
      <![CDATA[Employment Type:Salaried]]>
    </line>
    <line>
      <![CDATA[FT/PT Casual:Casual - Non EC]]>
    </line>
    <line>
      <![CDATA[First Name:AlhadFN52]]>
    </line>
    <line>
      <![CDATA[HR Level:Others]]>
    </line>
    <line>
      <![CDATA[Hire Date:2019-02-04 00:00:00]]>
    </line>
    <line>
      <![CDATA[Human Resource:876567]]>
    </line>
    <line>
      <![CDATA[Job Code:Team Member (30001802)]]>
    </line>
    <line>
      <![CDATA[Last Name:AlhswowLN52]]>
    </line>
    <line>
      <![CDATA[Last Review Date:Others]]>
    </line>
    <line>
      <![CDATA[Line Manager:true]]>
    </line>
    <line>
      <![CDATA[Location:Waltzing Matilda (3688)]]>
    </line>
    <line>
      <![CDATA[Location State:SA]]>
    </line>
    <line>
      <![CDATA[Manager:595370]]>
    </line>
    <line>
      <![CDATA[Middle Name:AlhgleMN52]]>
    </line>
    <line>
      <![CDATA[Ops/Sup:BWS - Store Support]]>
    </line>
    <line>
      <![CDATA[Ops/Sup_ID:13000004]]>
    </line>
    <line>
      <![CDATA[Paying Department:156]]>
    </line>
    <line>
      <![CDATA[Region:BWS - SA]]>
    </line>
    <line>
      <![CDATA[Region_ID:17000056]]>
    </line>
    <line>
      <![CDATA[Review Frequency:Others]]>
    </line>
    <line>
      <![CDATA[STATUS:Active]]>
    </line>
    <line>
      <![CDATA[Second Manager:Others]]>
    </line>
    <line>
      <![CDATA[State:SA]]>
    </line>
    <line>
      <![CDATA[Store:Eli Waters BWS (ALH) DBS]]>
    </line>
    <line>
      <![CDATA[Store_ID:2720]]>
    </line>
    <line>
      <![CDATA[Time Zone:Australia/Hobart]]>
    </line>
    <line>
      <![CDATA[Title:BWS Store Manager]]>
    </line>
    <line>
      <![CDATA[Title_ID:P06518]]>
    </line>
    <line>
      <![CDATA[USERID:A888XU52]]>
    </line>
    <line>
      <![CDATA[Username:A888XU52]]>
    </line>
    <line>
      <![CDATA[ZIP:Others]]>
    </line>
    <line>
      <![CDATA[in EC:2]]>
    </line>
    <line>
      <![CDATA[-----------------------------------------------------------------]]>
    </line>
    <line>
      <![CDATA[Active Directory - CORP.DIR Forest]]>
    </line>
    <line>
      <![CDATA[-----------------------------------------------------------------]]>
    </line>
    <line>
      <![CDATA[Must change password on logon:No]]>
    </line>
    <line>
      <![CDATA[Password Never Expires:No]]>
    </line>
    <line>
      <![CDATA[cn:AlhswowLN52 AlhadFN52]]>
    </line>
    <line>
      <![CDATA[createTimeStamp:2019-07-18 11:09:20]]>
    </line>
    <line>
      <![CDATA[description:Google Email Forward]]>
    </line>
    <line>
      <![CDATA[displayName:AlhswowLN52 AlhadFN52 - Google]]>
    </line>
    <line>
      <![CDATA[distinguishedName:CN=AlhswowLN52 AlhadFN52,OU=Google Users,OU=Contacts,OU=H3794_UAT_Accounts,OU=Accounts,DC=woolworths,DC=com,DC=au]]>
    </line>
    <line>
      <![CDATA[externalEmailAddress:alhadfn52.alhswowln52.test.bws.com.au@gapps2.woolworths.com.au]]>
    </line>
    <line>
      <![CDATA[givenName:AlhadFN52]]>
    </line>
    <line>
      <![CDATA[mail:alhadfn52.alhswowln52@test.bws.com.au]]>
    </line>
    <line>
      <![CDATA[modifyTimeStamp:2019-07-18 11:09:20]]>
    </line>
    <line>
      <![CDATA[msExchHideFromAddressLists:true]]>
    </line>
    <line>
      <![CDATA[objectClass:contact
organizationalPerson
person
top]]>
    </line>
    <line>
      <![CDATA[objectType:contact]]>
    </line>
    <line>
      <![CDATA[objectguid:{7db0d53b-f2db-46cb-b55b-b2719962cd04}]]>
    </line>
    <line>
      <![CDATA[sn:AlhswowLN52]]>
    </line>
    <line>
      <![CDATA[-----------------------------------------------------------------]]>
    </line>
    <line>
      <![CDATA[Active Directory - CORP.DIR Forest]]>
    </line>
    <line>
      <![CDATA[-----------------------------------------------------------------]]>
    </line>
    <line>
      <![CDATA[CorrelationKey:A888XU52]]>
    </line>
    <line>
      <![CDATA[Must change password on logon:No]]>
    </line>
    <line>
      <![CDATA[Password Never Expires:No]]>
    </line>
    <line>
      <![CDATA[accountExpires:never]]>
    </line>
    <line>
      <![CDATA[accountFlags:Normal User Account]]>
    </line>
    <line>
      <![CDATA[cn:AlhswowLN52 AlhadFN52]]>
    </line>
    <line>
      <![CDATA[company:Woolworths Group]]>
    </line>
    <line>
      <![CDATA[createTimeStamp:2019-07-18 11:09:19]]>
    </line>
    <line>
      <![CDATA[displayName:AlhswowLN52 AlhadFN52]]>
    </line>
    <line>
      <![CDATA[distinguishedName:CN=AlhswowLN52 AlhadFN52,OU=BWS,OU=General,OU=Accounts,OU=H3794_UAT_Accounts,OU=Accounts,DC=woolworths,DC=com,DC=au]]>
    </line>
    <line>
      <![CDATA[employeeID:A888XU52]]>
    </line>
    <line>
      <![CDATA[employeeType:Salaried]]>
    </line>
    <line>
      <![CDATA[givenName:AlhadFN52]]>
    </line>
    <line>
      <![CDATA[modifyTimeStamp:2019-07-18 11:09:19]]>
    </line>
    <line>
      <![CDATA[msDS-PrincipalName:NSWRO\A888XU52]]>
    </line>
    <line>
      <![CDATA[msNPAllowDialin:Not Set]]>
    </line>
    <line>
      <![CDATA[objectClass:organizationalPerson
person
top
user]]>
    </line>
    <line>
      <![CDATA[objectSid:S-1-5-21-1839360793-518795572-315576832-344936]]>
    </line>
    <line>
      <![CDATA[objectType:user]]>
    </line>
    <line>
      <![CDATA[objectguid:{671349d1-8e3a-41e3-8eb7-0173b90c53e8}]]>
    </line>
    <line>
      <![CDATA[pwdLastSet:2019-07-17 13:09:20]]>
    </line>
    <line>
      <![CDATA[sAMAccountName:A888XU52]]>
    </line>
    <line>
      <![CDATA[sn:AlhswowLN52]]>
    </line>
    <line>
      <![CDATA[st:UNKNOWN]]>
    </line>
    <line>
      <![CDATA[street:SyncToAzureAD]]>
    </line>
    <line>
      <![CDATA[title:BWS Store Manager]]>
    </line>
    <line>
      <![CDATA[userAccountControl:512]]>
    </line>
    <line>
      <![CDATA[userPrincipalName:alhadfn52.alhswowln52@test.bws.com.au]]>
    </line>
    <line>
      <![CDATA[-----------------------------------------------------------------]]>
    </line>
    <line>
      <![CDATA[Google Apps]]>
    </line>
    <line>
      <![CDATA[-----------------------------------------------------------------]]>
    </line>
    <line>
      <![CDATA[addresses:{"type":"work","streetAddress":"Others Others","locality":"SA","region":"Others","postalCode":"Others","country":"Australia","primary":true}]]>
    </line>
    <line>
      <![CDATA[changePasswordAtNextLogin:true]]>
    </line>
    <line>
      <![CDATA[customSchemas.IIQ_Test.eimIdentitySubType:Employee]]>
    </line>
    <line>
      <![CDATA[customSchemas.IIQ_Test.eimIdentityType:Enterprise Identity]]>
    </line>
    <line>
      <![CDATA[customSchemas.IIQ_Test.entid:AA93944388303]]>
    </line>
    <line>
      <![CDATA[customSchemas.IIQ_Test.entlogonid:A888XU52]]>
    </line>
    <line>
      <![CDATA[customSchemas.SSO_Attributes.Primary_Store_ID:156]]>
    </line>
    <line>
      <![CDATA[customSchemas.WOWCustomSchema.ADID:A888XU52]]>
    </line>
    <line>
      <![CDATA[customSchemas.WOWCustomSchema.EmployeeNumber:A888XU52]]>
    </line>
    <line>
      <![CDATA[customSchemas.WOWCustomSchema.SAPID:A888XU52]]>
    </line>
    <line>
      <![CDATA[customerId:C032u2mae]]>
    </line>
    <line>
      <![CDATA[emails:{"address":"alhadfn52.alhswowln52@test.bws.com.au","primary":true}]]>
    </line>
    <line>
      <![CDATA[externalIds:{"value":"A888XU52","type":"organization"}]]>
    </line>
    <line>
      <![CDATA[familyName:AlhswowLN52]]>
    </line>
    <line>
      <![CDATA[fullName:AlhadFN52 AlhswowLN52]]>
    </line>
    <line>
      <![CDATA[givenName:AlhadFN52]]>
    </line>
    <line>
      <![CDATA[includeInGlobalAddressList:true]]>
    </line>
    <line>
      <![CDATA[ipWhitelisted:false]]>
    </line>
    <line>
      <![CDATA[isAdmin:false]]>
    </line>
    <line>
      <![CDATA[isDelegatedAdmin:false]]>
    </line>
    <line>
      <![CDATA[isMailboxSetup:true]]>
    </line>
    <line>
      <![CDATA[lastLoginTime:1970-01-01T00:00:00.000Z]]>
    </line>
    <line>
      <![CDATA[name:{"familyName":"AlhswowLN52","givenName":"AlhadFN52"}]]>
    </line>
    <line>
      <![CDATA[objectID:103450521026744016702]]>
    </line>
    <line>
      <![CDATA[orgUnitPath:/BWS/CorePlus]]>
    </line>
    <line>
      <![CDATA[organizations:{"name":"ALH","title":"BWS Store Manager","primary":true,"customType":"work","department":"BWS","location":"Eli Waters BWS (ALH) DBS"}]]>
    </line>
    <line>
      <![CDATA[primaryEmail:alhadfn52.alhswowln52@test.bws.com.au]]>
    </line>
    <line>
      <![CDATA[suspended:false]]>
    </line>
    <line>
      <![CDATA[-----------------------------------------------------------------]]>
    </line>
    <line>
      <![CDATA[ServiceWoW]]>
    </line>
    <line>
      <![CDATA[-----------------------------------------------------------------]]>
    </line>
    <line>
      <![CDATA[AccountAccess:Active]]>
    </line>
    <line>
      <![CDATA[active:true]]>
    </line>
    <line>
      <![CDATA[calendar_integration:Outlook]]>
    </line>
    <line>
      <![CDATA[company:ALH]]>
    </line>
    <line>
      <![CDATA[email:alhadfn52.alhswowln52@test.bws.com.au]]>
    </line>
    <line>
      <![CDATA[employee_number:A888XU52]]>
    </line>
    <line>
      <![CDATA[first_name:AlhadFN52]]>
    </line>
    <line>
      <![CDATA[last_name:AlhswowLN52]]>
    </line>
    <line>
      <![CDATA[locked_out:false]]>
    </line>
    <line>
      <![CDATA[name:AlhadFN52 AlhswowLN52]]>
    </line>
    <line>
      <![CDATA[notification:Enable]]>
    </line>
    <line>
      <![CDATA[password_needs_reset:false]]>
    </line>
    <line>
      <![CDATA[source:Sailpoint]]>
    </line>
    <line>
      <![CDATA[street:Others]]>
    </line>
    <line>
      <![CDATA[sys_class_name:User]]>
    </line>
    <line>
      <![CDATA[sys_created_by:upa.provisioning]]>
    </line>
    <line>
      <![CDATA[sys_created_on:18-07-2019 11:09 AM]]>
    </line>
    <line>
      <![CDATA[sys_domain:global]]>
    </line>
    <line>
      <![CDATA[sys_id:77307b08db7a37c01d214815059619a7]]>
    </line>
    <line>
      <![CDATA[sys_mod_count:0]]>
    </line>
    <line>
      <![CDATA[sys_updated_by:upa.provisioning]]>
    </line>
    <line>
      <![CDATA[sys_updated_on:18-07-2019 11:09 AM]]>
    </line>
    <line>
      <![CDATA[title:BWS Store Manager]]>
    </line>
    <line>
      <![CDATA[u_enterprise_identity_id:AA93944388303]]>
    </line>
    <line>
      <![CDATA[u_enterprise_logon_id:A888XU52]]>
    </line>
    <line>
      <![CDATA[u_fax:Others]]>
    </line>
    <line>
      <![CDATA[u_start_date:04-02-2019]]>
    </line>
    <line>
      <![CDATA[u_street_2:Others]]>
    </line>
    <line>
      <![CDATA[u_type:Employee]]>
    </line>
    <line>
      <![CDATA[user_name:A888XU52]]>
    </line>
    <line>
      <![CDATA[vip:false]]>
    </line>
    <line>
      <![CDATA[UserID: A888XU53]]>
    </line>
    <line>
      <![CDATA[------------------]]>
    </line>
    <line>
      <![CDATA[-----------------------------------------------------------------]]>
    </line>
    <line>
      <![CDATA[ALH]]>
    </line>
    <line>
      <![CDATA[-----------------------------------------------------------------]]>
    </line>
    <line>
      <![CDATA[Area:BWS - SA - Area 1]]>
    </line>
    <line>
      <![CDATA[Area_ID:20000121]]>
    </line>
    <line>
      <![CDATA[Career Group:Retail Operations]]>
    </line>
    <line>
      <![CDATA[Career Level:Team Member (1001)]]>
    </line>
    <line>
      <![CDATA[Career Stream:Retail - Operations]]>
    </line>
    <line>
      <![CDATA[Country:Australia]]>
    </line>
    <line>
      <![CDATA[Default Locale:en_GB]]>
    </line>
    <line>
      <![CDATA[Division:BWS]]>
    </line>
    <line>
      <![CDATA[Division_ID:11000001]]>
    </line>
    <line>
      <![CDATA[Employee Id:A888XU53]]>
    </line>
    <line>
      <![CDATA[Employment Type:EBA/Wage]]>
    </line>
    <line>
      <![CDATA[FT/PT Casual:Full-Time - Non EC]]>
    </line>
    <line>
      <![CDATA[First Name:AlhadFN53]]>
    </line>
    <line>
      <![CDATA[Hire Date:2020-02-08 00:00:00]]>
    </line>
    <line>
      <![CDATA[Human Resource:1027040]]>
    </line>
    <line>
      <![CDATA[Job Code:Team Member (30001802)]]>
    </line>
    <line>
      <![CDATA[Last Name:AlhswowLN53]]>
    </line>
    <line>
      <![CDATA[Line Manager:false]]>
    </line>
    <line>
      <![CDATA[Location:Wanneroo Villa (4134)]]>
    </line>
    <line>
      <![CDATA[Location State:TAS]]>
    </line>
    <line>
      <![CDATA[Manager:595370]]>
    </line>
    <line>
      <![CDATA[Middle Name:AlhgleMN53]]>
    </line>
    <line>
      <![CDATA[Ops/Sup:BWS - Store Operations]]>
    </line>
    <line>
      <![CDATA[Ops/Sup_ID:13000003]]>
    </line>
    <line>
      <![CDATA[Paying Department:156]]>
    </line>
    <line>
      <![CDATA[Region:BWS - Store Support]]>
    </line>
    <line>
      <![CDATA[Region_ID:17000057]]>
    </line>
    <line>
      <![CDATA[STATUS:Active]]>
    </line>
    <line>
      <![CDATA[State:TAS]]>
    </line>
    <line>
      <![CDATA[Store:Nerang DM_ALH]]>
    </line>
    <line>
      <![CDATA[Store_ID:2419]]>
    </line>
    <line>
      <![CDATA[Time Zone:Australia/Melbourne]]>
    </line>
    <line>
      <![CDATA[Title:BWS Trainee Manager]]>
    </line>
    <line>
      <![CDATA[Title_ID:P08461]]>
    </line>
    <line>
      <![CDATA[USERID:A888XU53]]>
    </line>
    <line>
      <![CDATA[Username:A888XU53]]>
    </line>
    <line>
      <![CDATA[in EC:2]]>
    </line>
    <line>
      <![CDATA[-----------------------------------------------------------------]]>
    </line>
    <line>
      <![CDATA[ServiceWoW]]>
    </line>
    <line>
      <![CDATA[-----------------------------------------------------------------]]>
    </line>
    <line>
      <![CDATA[AccountAccess:Active]]>
    </line>
    <line>
      <![CDATA[active:true]]>
    </line>
    <line>
      <![CDATA[calendar_integration:Outlook]]>
    </line>
    <line>
      <![CDATA[company:ALH]]>
    </line>
    <line>
      <![CDATA[email:alhadfn53.alhswowln53@test.bws.com.au]]>
    </line>
    <line>
      <![CDATA[employee_number:A888XU53]]>
    </line>
    <line>
      <![CDATA[first_name:AlhadFN53]]>
    </line>
    <line>
      <![CDATA[last_name:AlhswowLN53]]>
    </line>
    <line>
      <![CDATA[locked_out:false]]>
    </line>
    <line>
      <![CDATA[name:AlhadFN53 AlhswowLN53]]>
    </line>
    <line>
      <![CDATA[notification:Enable]]>
    </line>
    <line>
      <![CDATA[password_needs_reset:false]]>
    </line>
    <line>
      <![CDATA[source:Sailpoint]]>
    </line>
    <line>
      <![CDATA[sys_class_name:User]]>
    </line>
    <line>
      <![CDATA[sys_created_by:upa.provisioning]]>
    </line>
    <line>
      <![CDATA[sys_created_on:18-07-2019 11:09 AM]]>
    </line>
    <line>
      <![CDATA[sys_domain:global]]>
    </line>
    <line>
      <![CDATA[sys_id:9b2077c0dbfa7b806f26cae43a9619be]]>
    </line>
    <line>
      <![CDATA[sys_mod_count:0]]>
    </line>
    <line>
      <![CDATA[sys_updated_by:upa.provisioning]]>
    </line>
    <line>
      <![CDATA[sys_updated_on:18-07-2019 11:09 AM]]>
    </line>
    <line>
      <![CDATA[title:BWS Trainee Manager]]>
    </line>
    <line>
      <![CDATA[u_enterprise_identity_id:AA79720551041]]>
    </line>
    <line>
      <![CDATA[u_enterprise_logon_id:A888XU53]]>
    </line>
    <line>
      <![CDATA[u_start_date:08-02-2020]]>
    </line>
    <line>
      <![CDATA[u_type:Employee]]>
    </line>
    <line>
      <![CDATA[user_name:A888XU53]]>
    </line>
    <line>
      <![CDATA[vip:false]]>
    </line>
    <line>
      <![CDATA[UserID: A888XU54]]>
    </line>
    <line>
      <![CDATA[------------------]]>
    </line>
    <line>
      <![CDATA[-----------------------------------------------------------------]]>
    </line>
    <line>
      <![CDATA[ALH]]>
    </line>
    <line>
      <![CDATA[-----------------------------------------------------------------]]>
    </line>
    <line>
      <![CDATA[Area:BWS - Store Support]]>
    </line>
    <line>
      <![CDATA[Area_ID:20000124]]>
    </line>
    <line>
      <![CDATA[Career Group:Retail Operations]]>
    </line>
    <line>
      <![CDATA[Career Level:Team Member (1001)]]>
    </line>
    <line>
      <![CDATA[Career Stream:Retail - Operations]]>
    </line>
    <line>
      <![CDATA[Country:Australia]]>
    </line>
    <line>
      <![CDATA[Default Locale:en_GB]]>
    </line>
    <line>
      <![CDATA[Division:BWS]]>
    </line>
    <line>
      <![CDATA[Division_ID:11000001]]>
    </line>
    <line>
      <![CDATA[Employee Id:A888XU54]]>
    </line>
    <line>
      <![CDATA[Employment Type:Salaried]]>
    </line>
    <line>
      <![CDATA[FT/PT Casual:Part-Time - Non EC]]>
    </line>
    <line>
      <![CDATA[First Name:AlhadFN54]]>
    </line>
    <line>
      <![CDATA[Hire Date:2019-12-07 00:00:00]]>
    </line>
    <line>
      <![CDATA[Human Resource:1031649]]>
    </line>
    <line>
      <![CDATA[Job Code:Team Member (30001802)]]>
    </line>
    <line>
      <![CDATA[Last Name:AlhswowLN54]]>
    </line>
    <line>
      <![CDATA[Line Manager:true]]>
    </line>
    <line>
      <![CDATA[Location:Warner Tavern (2387)]]>
    </line>
    <line>
      <![CDATA[Location State:VIC]]>
    </line>
    <line>
      <![CDATA[Manager:595370]]>
    </line>
    <line>
      <![CDATA[Middle Name:AlhgleMN54]]>
    </line>
    <line>
      <![CDATA[Ops/Sup:BWS - Store Operations]]>
    </line>
    <line>
      <![CDATA[Ops/Sup_ID:13000003]]>
    </line>
    <line>
      <![CDATA[Paying Department:156]]>
    </line>
    <line>
      <![CDATA[Region:BWS - Store Support]]>
    </line>
    <line>
      <![CDATA[Region_ID:17000057]]>
    </line>
    <line>
      <![CDATA[STATUS:Active]]>
    </line>
    <line>
      <![CDATA[State:VIC]]>
    </line>
    <line>
      <![CDATA[Store:Kirwan Tavern (ALH)Drive In]]>
    </line>
    <line>
      <![CDATA[Store_ID:2463]]>
    </line>
    <line>
      <![CDATA[Time Zone:Australia/Perth]]>
    </line>
    <line>
      <![CDATA[Title:Workcover]]>
    </line>
    <line>
      <![CDATA[Title_ID:P18162]]>
    </line>
    <line>
      <![CDATA[USERID:A888XU54]]>
    </line>
    <line>
      <![CDATA[Username:A888XU54]]>
    </line>
    <line>
      <![CDATA[in EC:2]]>
    </line>
    <line>
      <![CDATA[UserID: A888XU55]]>
    </line>
    <line>
      <![CDATA[------------------]]>
    </line>
    <line>
      <![CDATA[-----------------------------------------------------------------]]>
    </line>
    <line>
      <![CDATA[ALH]]>
    </line>
    <line>
      <![CDATA[-----------------------------------------------------------------]]>
    </line>
    <line>
      <![CDATA[Area:BWS - VIC - Area 2]]>
    </line>
    <line>
      <![CDATA[Area_ID:20000128]]>
    </line>
    <line>
      <![CDATA[Career Group:Retail Operations]]>
    </line>
    <line>
      <![CDATA[Career Level:Team Member (1001)]]>
    </line>
    <line>
      <![CDATA[Career Stream:Retail - Operations]]>
    </line>
    <line>
      <![CDATA[Country:Australia]]>
    </line>
    <line>
      <![CDATA[Default Locale:en_GB]]>
    </line>
    <line>
      <![CDATA[Division:BWS]]>
    </line>
    <line>
      <![CDATA[Division_ID:11000001]]>
    </line>
    <line>
      <![CDATA[Employee Id:A888XU55]]>
    </line>
    <line>
      <![CDATA[Employment Type:EBA/Wage]]>
    </line>
    <line>
      <![CDATA[FT/PT Casual:Casual - Non EC]]>
    </line>
    <line>
      <![CDATA[First Name:AlhadFN55]]>
    </line>
    <line>
      <![CDATA[Hire Date:2020-07-06 00:00:00]]>
    </line>
    <line>
      <![CDATA[Human Resource:1061409]]>
    </line>
    <line>
      <![CDATA[Job Code:Team Member (30001802)]]>
    </line>
    <line>
      <![CDATA[Last Name:AlhswowLN55]]>
    </line>
    <line>
      <![CDATA[Line Manager:false]]>
    </line>
    <line>
      <![CDATA[Location:Warner Tavern (2940)]]>
    </line>
    <line>
      <![CDATA[Location State:WA]]>
    </line>
    <line>
      <![CDATA[Manager:595370]]>
    </line>
    <line>
      <![CDATA[Middle Name:AlhgleMN55]]>
    </line>
    <line>
      <![CDATA[Ops/Sup:BWS - Store Operations]]>
    </line>
    <line>
      <![CDATA[Ops/Sup_ID:13000003]]>
    </line>
    <line>
      <![CDATA[Paying Department:156]]>
    </line>
    <line>
      <![CDATA[Region:BWS - Store Support]]>
    </line>
    <line>
      <![CDATA[Region_ID:17000057]]>
    </line>
    <line>
      <![CDATA[STATUS:Active]]>
    </line>
    <line>
      <![CDATA[State:WA]]>
    </line>
    <line>
      <![CDATA[Store:Annerley BWS (ALH)]]>
    </line>
    <line>
      <![CDATA[Store_ID:2100]]>
    </line>
    <line>
      <![CDATA[Time Zone:Australia/Sydney]]>
    </line>
    <line>
      <![CDATA[Title:Retail Relief Area Mgr]]>
    </line>
    <line>
      <![CDATA[Title_ID:P00014]]>
    </line>
    <line>
      <![CDATA[USERID:A888XU55]]>
    </line>
    <line>
      <![CDATA[Username:A888XU55]]>
    </line>
    <line>
      <![CDATA[in EC:2]]>
    </line>
    <line>
      <![CDATA[UserID: A888XU56]]>
    </line>
    <line>
      <![CDATA[------------------]]>
    </line>
    <line>
      <![CDATA[-----------------------------------------------------------------]]>
    </line>
    <line>
      <![CDATA[ALH]]>
    </line>
    <line>
      <![CDATA[-----------------------------------------------------------------]]>
    </line>
    <line>
      <![CDATA[Area:Dan Murphy's - NSW - Area 2]]>
    </line>
    <line>
      <![CDATA[Area_ID:20000173]]>
    </line>
    <line>
      <![CDATA[Career Group:Retail Operations]]>
    </line>
    <line>
      <![CDATA[Career Level:Team Member (1001)]]>
    </line>
    <line>
      <![CDATA[Career Stream:Retail - Operations]]>
    </line>
    <line>
      <![CDATA[Country:Australia]]>
    </line>
    <line>
      <![CDATA[Default Locale:en_GB]]>
    </line>
    <line>
      <![CDATA[Division:Dan Murphy's]]>
    </line>
    <line>
      <![CDATA[Division_ID:11000004]]>
    </line>
    <line>
      <![CDATA[Employee Id:A888XU56]]>
    </line>
    <line>
      <![CDATA[Employment Type:EBA/Wage]]>
    </line>
    <line>
      <![CDATA[FT/PT Casual:Part-Time - Non EC]]>
    </line>
    <line>
      <![CDATA[First Name:AlhadFN56]]>
    </line>
    <line>
      <![CDATA[Hire Date:2019-11-07 00:00:00]]>
    </line>
    <line>
      <![CDATA[Human Resource:677971]]>
    </line>
    <line>
      <![CDATA[Job Code:Team Member (30001802)]]>
    </line>
    <line>
      <![CDATA[Last Name:AlhswowLN56]]>
    </line>
    <line>
      <![CDATA[Line Manager:false]]>
    </line>
    <line>
      <![CDATA[Location:Wheelers Hill (3689)]]>
    </line>
    <line>
      <![CDATA[Location State:NT]]>
    </line>
    <line>
      <![CDATA[Manager:595370]]>
    </line>
    <line>
      <![CDATA[Middle Name:AlhgleMN56]]>
    </line>
    <line>
      <![CDATA[Ops/Sup:Dan Murphy's - Store Operations]]>
    </line>
    <line>
      <![CDATA[Ops/Sup_ID:13000009]]>
    </line>
    <line>
      <![CDATA[Paying Department:156]]>
    </line>
    <line>
      <![CDATA[Region:Dan Murphy's - NSW]]>
    </line>
    <line>
      <![CDATA[Region_ID:17000075]]>
    </line>
    <line>
      <![CDATA[STATUS:Active]]>
    </line>
    <line>
      <![CDATA[State:NT]]>
    </line>
    <line>
      <![CDATA[Store:Nerang BWS (ALH) Pacific Pines (DBS)]]>
    </line>
    <line>
      <![CDATA[Store_ID:2391]]>
    </line>
    <line>
      <![CDATA[Time Zone:Australia/Brisbane]]>
    </line>
    <line>
      <![CDATA[Title:DM Store Manager]]>
    </line>
    <line>
      <![CDATA[Title_ID:P11637]]>
    </line>
    <line>
      <![CDATA[USERID:A888XU56]]>
    </line>
    <line>
      <![CDATA[Username:A888XU56]]>
    </line>
    <line>
      <![CDATA[in EC:2]]>
    </line>
    <line>
      <![CDATA[-----------------------------------------------------------------]]>
    </line>
    <line>
      <![CDATA[Active Directory - CORP.DIR Forest]]>
    </line>
    <line>
      <![CDATA[-----------------------------------------------------------------]]>
    </line>
    <line>
      <![CDATA[Must change password on logon:No]]>
    </line>
    <line>
      <![CDATA[Password Never Expires:No]]>
    </line>
    <line>
      <![CDATA[cn:AlhswowLN56 AlhadFN56]]>
    </line>
    <line>
      <![CDATA[createTimeStamp:2019-07-17 10:20:00]]>
    </line>
    <line>
      <![CDATA[description:Google Email Forward]]>
    </line>
    <line>
      <![CDATA[displayName:AlhswowLN56 AlhadFN56 - Google]]>
    </line>
    <line>
      <![CDATA[distinguishedName:CN=AlhswowLN56 AlhadFN56,OU=Google Users,OU=Contacts,OU=H3794_UAT_Accounts,OU=Accounts,DC=woolworths,DC=com,DC=au]]>
    </line>
    <line>
      <![CDATA[externalEmailAddress:aalhswowln561.test.woolworths.com.au@gapps2.woolworths.com.au]]>
    </line>
    <line>
      <![CDATA[givenName:AlhadFN56]]>
    </line>
    <line>
      <![CDATA[mail:aalhswowln561@test.woolworths.com.au]]>
    </line>
    <line>
      <![CDATA[modifyTimeStamp:2019-07-17 10:20:00]]>
    </line>
    <line>
      <![CDATA[msExchHideFromAddressLists:true]]>
    </line>
    <line>
      <![CDATA[objectClass:contact
organizationalPerson
person
top]]>
    </line>
    <line>
      <![CDATA[objectType:contact]]>
    </line>
    <line>
      <![CDATA[objectguid:{829376a2-3ecc-4d83-afc1-04a19e1ef50e}]]>
    </line>
    <line>
      <![CDATA[sn:AlhswowLN56]]>
    </line>
    <line>
      <![CDATA[-----------------------------------------------------------------]]>
    </line>
    <line>
      <![CDATA[Active Directory - CORP.DIR Forest]]>
    </line>
    <line>
      <![CDATA[-----------------------------------------------------------------]]>
    </line>
    <line>
      <![CDATA[CorrelationKey:A888XU56]]>
    </line>
    <line>
      <![CDATA[Must change password on logon:No]]>
    </line>
    <line>
      <![CDATA[Password Never Expires:No]]>
    </line>
    <line>
      <![CDATA[accountExpires:never]]>
    </line>
    <line>
      <![CDATA[accountFlags:Normal User Account]]>
    </line>
    <line>
      <![CDATA[cn:AlhswowLN56 AlhadFN56]]>
    </line>
    <line>
      <![CDATA[company:Woolworths Group]]>
    </line>
    <line>
      <![CDATA[createTimeStamp:2019-07-17 10:19:59]]>
    </line>
    <line>
      <![CDATA[displayName:AlhswowLN56 AlhadFN56]]>
    </line>
    <line>
      <![CDATA[distinguishedName:CN=AlhswowLN56 AlhadFN56,OU=DanMurphys,OU=General,OU=Accounts,OU=H3794_UAT_Accounts,OU=Accounts,DC=woolworths,DC=com,DC=au]]>
    </line>
    <line>
      <![CDATA[employeeID:A888XU56]]>
    </line>
    <line>
      <![CDATA[employeeType:EBA/Wage]]>
    </line>
    <line>
      <![CDATA[givenName:AlhadFN56]]>
    </line>
    <line>
      <![CDATA[modifyTimeStamp:2019-07-17 11:09:16]]>
    </line>
    <line>
      <![CDATA[msDS-PrincipalName:NSWRO\A888XU56]]>
    </line>
    <line>
      <![CDATA[msNPAllowDialin:Not Set]]>
    </line>
    <line>
      <![CDATA[objectClass:organizationalPerson
person
top
user]]>
    </line>
    <line>
      <![CDATA[objectSid:S-1-5-21-1839360793-518795572-315576832-344908]]>
    </line>
    <line>
      <![CDATA[objectType:user]]>
    </line>
    <line>
      <![CDATA[objectguid:{02c19aa7-44d8-4ef0-9f60-8a8ea5b62867}]]>
    </line>
    <line>
      <![CDATA[pwdLastSet:2019-07-17 00:20:00]]>
    </line>
    <line>
      <![CDATA[sAMAccountName:A888XU56]]>
    </line>
    <line>
      <![CDATA[sn:AlhswowLN56]]>
    </line>
    <line>
      <![CDATA[st:UNKNOWN]]>
    </line>
    <line>
      <![CDATA[street:SyncToAzureAD]]>
    </line>
    <line>
      <![CDATA[title:DM Store Manager]]>
    </line>
    <line>
      <![CDATA[userAccountControl:512]]>
    </line>
    <line>
      <![CDATA[userPrincipalName:aalhswowln561@test.woolworths.com.au]]>
    </line>
    <line>
      <![CDATA[-----------------------------------------------------------------]]>
    </line>
    <line>
      <![CDATA[Google Apps]]>
    </line>
    <line>
      <![CDATA[-----------------------------------------------------------------]]>
    </line>
    <line>
      <![CDATA[addresses:{"type":"work","streetAddress":"null null","locality":"NT","country":"Australia","primary":true}]]>
    </line>
    <line>
      <![CDATA[changePasswordAtNextLogin:true]]>
    </line>
    <line>
      <![CDATA[customSchemas.IIQ_Test.eimIdentitySubType:Employee]]>
    </line>
    <line>
      <![CDATA[customSchemas.IIQ_Test.eimIdentityType:Enterprise Identity]]>
    </line>
    <line>
      <![CDATA[customSchemas.IIQ_Test.entid:AA16418883078]]>
    </line>
    <line>
      <![CDATA[customSchemas.IIQ_Test.entlogonid:A888XU56]]>
    </line>
    <line>
      <![CDATA[customSchemas.SSO_Attributes.Primary_Store_ID:156]]>
    </line>
    <line>
      <![CDATA[customSchemas.WOWCustomSchema.ADID:A888XU56]]>
    </line>
    <line>
      <![CDATA[customSchemas.WOWCustomSchema.EmployeeNumber:A888XU56]]>
    </line>
    <line>
      <![CDATA[customSchemas.WOWCustomSchema.SAPID:A888XU56]]>
    </line>
    <line>
      <![CDATA[customerId:C032u2mae]]>
    </line>
    <line>
      <![CDATA[emails:{"address":"aalhswowln561@test.woolworths.com.au","primary":true}]]>
    </line>
    <line>
      <![CDATA[externalIds:{"value":"A888XU56","type":"organization"}]]>
    </line>
    <line>
      <![CDATA[familyName:AlhswowLN56]]>
    </line>
    <line>
      <![CDATA[fullName:AlhadFN56 AlhswowLN56]]>
    </line>
    <line>
      <![CDATA[givenName:AlhadFN56]]>
    </line>
    <line>
      <![CDATA[includeInGlobalAddressList:true]]>
    </line>
    <line>
      <![CDATA[ipWhitelisted:false]]>
    </line>
    <line>
      <![CDATA[isAdmin:false]]>
    </line>
    <line>
      <![CDATA[isDelegatedAdmin:false]]>
    </line>
    <line>
      <![CDATA[isMailboxSetup:true]]>
    </line>
    <line>
      <![CDATA[lastLoginTime:1970-01-01T00:00:00.000Z]]>
    </line>
    <line>
      <![CDATA[name:{"familyName":"AlhswowLN56","givenName":"AlhadFN56"}]]>
    </line>
    <line>
      <![CDATA[objectID:100084362099922659208]]>
    </line>
    <line>
      <![CDATA[orgUnitPath:/DanMurphy/CorePlus]]>
    </line>
    <line>
      <![CDATA[organizations:{"name":"ALH","title":"DM Store Manager","primary":true,"customType":"work","department":"Dan Murphy\u0027s","location":"Nerang BWS (ALH) Pacific Pines (DBS)"}]]>
    </line>
    <line>
      <![CDATA[primaryEmail:aalhswowln561@test.woolworths.com.au]]>
    </line>
    <line>
      <![CDATA[suspended:false]]>
    </line>
    <line>
      <![CDATA[-----------------------------------------------------------------]]>
    </line>
    <line>
      <![CDATA[ServiceWoW]]>
    </line>
    <line>
      <![CDATA[-----------------------------------------------------------------]]>
    </line>
    <line>
      <![CDATA[AccountAccess:Active]]>
    </line>
    <line>
      <![CDATA[active:true]]>
    </line>
    <line>
      <![CDATA[calendar_integration:Outlook]]>
    </line>
    <line>
      <![CDATA[company:ALH]]>
    </line>
    <line>
      <![CDATA[email:aalhswowln561@test.woolworths.com.au]]>
    </line>
    <line>
      <![CDATA[employee_number:A888XU56]]>
    </line>
    <line>
      <![CDATA[first_name:AlhadFN56]]>
    </line>
    <line>
      <![CDATA[last_name:AlhswowLN56]]>
    </line>
    <line>
      <![CDATA[locked_out:false]]>
    </line>
    <line>
      <![CDATA[name:AlhadFN56 AlhswowLN56]]>
    </line>
    <line>
      <![CDATA[notification:Enable]]>
    </line>
    <line>
      <![CDATA[password_needs_reset:false]]>
    </line>
    <line>
      <![CDATA[source:Sailpoint]]>
    </line>
    <line>
      <![CDATA[sys_class_name:User]]>
    </line>
    <line>
      <![CDATA[sys_created_by:upa.provisioning]]>
    </line>
    <line>
      <![CDATA[sys_created_on:17-07-2019 10:20 AM]]>
    </line>
    <line>
      <![CDATA[sys_domain:global]]>
    </line>
    <line>
      <![CDATA[sys_id:c75b96fbdb62b3c01d214815059619d4]]>
    </line>
    <line>
      <![CDATA[sys_mod_count:0]]>
    </line>
    <line>
      <![CDATA[sys_updated_by:upa.provisioning]]>
    </line>
    <line>
      <![CDATA[sys_updated_on:17-07-2019 10:20 AM]]>
    </line>
    <line>
      <![CDATA[title:DM Store Manager]]>
    </line>
    <line>
      <![CDATA[u_enterprise_identity_id:AA16418883078]]>
    </line>
    <line>
      <![CDATA[u_enterprise_logon_id:A888XU56]]>
    </line>
    <line>
      <![CDATA[u_start_date:07-11-2019]]>
    </line>
    <line>
      <![CDATA[u_type:Employee]]>
    </line>
    <line>
      <![CDATA[vip:false]]>
    </line>
    <line>
      <![CDATA[UserID: A888XU57]]>
    </line>
    <line>
      <![CDATA[------------------]]>
    </line>
    <line>
      <![CDATA[-----------------------------------------------------------------]]>
    </line>
    <line>
      <![CDATA[ALH]]>
    </line>
    <line>
      <![CDATA[-----------------------------------------------------------------]]>
    </line>
    <line>
      <![CDATA[Area:Dan Murphy's - NSW - Area 2]]>
    </line>
    <line>
      <![CDATA[Area_ID:20000173]]>
    </line>
    <line>
      <![CDATA[Career Group:Retail Operations]]>
    </line>
    <line>
      <![CDATA[Career Level:Team Member (1001)]]>
    </line>
    <line>
      <![CDATA[Career Stream:Retail - Operations]]>
    </line>
    <line>
      <![CDATA[Country:Australia]]>
    </line>
    <line>
      <![CDATA[Default Locale:en_GB]]>
    </line>
    <line>
      <![CDATA[Division:Dan Murphy's]]>
    </line>
    <line>
      <![CDATA[Division_ID:11000004]]>
    </line>
    <line>
      <![CDATA[Employee Id:A888XU57]]>
    </line>
    <line>
      <![CDATA[Employment Type:EBA/Wage]]>
    </line>
    <line>
      <![CDATA[FT/PT Casual:Part-Time - Non EC]]>
    </line>
    <line>
      <![CDATA[First Name:AlhadFN57]]>
    </line>
    <line>
      <![CDATA[Hire Date:2019-11-07 00:00:00]]>
    </line>
    <line>
      <![CDATA[Human Resource:677971]]>
    </line>
    <line>
      <![CDATA[Job Code:Team Member (30001802)]]>
    </line>
    <line>
      <![CDATA[Last Name:AlhswowLN57]]>
    </line>
    <line>
      <![CDATA[Line Manager:false]]>
    </line>
    <line>
      <![CDATA[Location:Wheelers Hill (3689)]]>
    </line>
    <line>
      <![CDATA[Location State:NT]]>
    </line>
    <line>
      <![CDATA[Manager:595370]]>
    </line>
    <line>
      <![CDATA[Middle Name:AlhgleMN57]]>
    </line>
    <line>
      <![CDATA[Ops/Sup:Dan Murphy's - Store Operations]]>
    </line>
    <line>
      <![CDATA[Ops/Sup_ID:13000009]]>
    </line>
    <line>
      <![CDATA[Paying Department:156]]>
    </line>
    <line>
      <![CDATA[Region:Dan Murphy's - NSW]]>
    </line>
    <line>
      <![CDATA[Region_ID:17000075]]>
    </line>
    <line>
      <![CDATA[STATUS:Active]]>
    </line>
    <line>
      <![CDATA[State:NT]]>
    </line>
    <line>
      <![CDATA[Store:Mulgrave DM_ALH]]>
    </line>
    <line>
      <![CDATA[Store_ID:3446]]>
    </line>
    <line>
      <![CDATA[Time Zone:Australia/Brisbane]]>
    </line>
    <line>
      <![CDATA[Title:DM Store Manager]]>
    </line>
    <line>
      <![CDATA[Title_ID:P11637]]>
    </line>
    <line>
      <![CDATA[USERID:A888XU57]]>
    </line>
    <line>
      <![CDATA[Username:A888XU57]]>
    </line>
    <line>
      <![CDATA[in EC:2]]>
    </line>
    <line>
      <![CDATA[-----------------------------------------------------------------]]>
    </line>
    <line>
      <![CDATA[Active Directory - CORP.DIR Forest]]>
    </line>
    <line>
      <![CDATA[-----------------------------------------------------------------]]>
    </line>
    <line>
      <![CDATA[Must change password on logon:No]]>
    </line>
    <line>
      <![CDATA[Password Never Expires:No]]>
    </line>
    <line>
      <![CDATA[cn:AlhswowLN57 AlhadFN57]]>
    </line>
    <line>
      <![CDATA[createTimeStamp:2019-07-18 11:09:57]]>
    </line>
    <line>
      <![CDATA[description:Google Email Forward]]>
    </line>
    <line>
      <![CDATA[displayName:AlhswowLN57 AlhadFN57 - Google]]>
    </line>
    <line>
      <![CDATA[distinguishedName:CN=AlhswowLN57 AlhadFN57,OU=Google Users,OU=Contacts,OU=H3794_UAT_Accounts,OU=Accounts,DC=woolworths,DC=com,DC=au]]>
    </line>
    <line>
      <![CDATA[externalEmailAddress:aalhswowln57.test.woolworths.com.au@gapps2.woolworths.com.au]]>
    </line>
    <line>
      <![CDATA[givenName:AlhadFN57]]>
    </line>
    <line>
      <![CDATA[mail:aalhswowln57@test.woolworths.com.au]]>
    </line>
    <line>
      <![CDATA[modifyTimeStamp:2019-07-18 11:09:57]]>
    </line>
    <line>
      <![CDATA[msExchHideFromAddressLists:true]]>
    </line>
    <line>
      <![CDATA[objectClass:contact
organizationalPerson
person
top]]>
    </line>
    <line>
      <![CDATA[objectType:contact]]>
    </line>
    <line>
      <![CDATA[objectguid:{b03b583f-7d03-4fdb-a405-7114018c3de3}]]>
    </line>
    <line>
      <![CDATA[sn:AlhswowLN57]]>
    </line>
    <line>
      <![CDATA[-----------------------------------------------------------------]]>
    </line>
    <line>
      <![CDATA[Active Directory - CORP.DIR Forest]]>
    </line>
    <line>
      <![CDATA[-----------------------------------------------------------------]]>
    </line>
    <line>
      <![CDATA[CorrelationKey:A888XU57]]>
    </line>
    <line>
      <![CDATA[Must change password on logon:No]]>
    </line>
    <line>
      <![CDATA[Password Never Expires:No]]>
    </line>
    <line>
      <![CDATA[accountExpires:never]]>
    </line>
    <line>
      <![CDATA[accountFlags:Normal User Account]]>
    </line>
    <line>
      <![CDATA[cn:AlhswowLN57 AlhadFN57]]>
    </line>
    <line>
      <![CDATA[company:Woolworths Group]]>
    </line>
    <line>
      <![CDATA[createTimeStamp:2019-07-18 11:09:56]]>
    </line>
    <line>
      <![CDATA[displayName:AlhswowLN57 AlhadFN57]]>
    </line>
    <line>
      <![CDATA[distinguishedName:CN=AlhswowLN57 AlhadFN57,OU=DanMurphys,OU=General,OU=Accounts,OU=H3794_UAT_Accounts,OU=Accounts,DC=woolworths,DC=com,DC=au]]>
    </line>
    <line>
      <![CDATA[employeeID:A888XU57]]>
    </line>
    <line>
      <![CDATA[employeeType:EBA/Wage]]>
    </line>
    <line>
      <![CDATA[givenName:AlhadFN57]]>
    </line>
    <line>
      <![CDATA[modifyTimeStamp:2019-07-18 11:09:56]]>
    </line>
    <line>
      <![CDATA[msDS-PrincipalName:NSWRO\A888XU57]]>
    </line>
    <line>
      <![CDATA[msNPAllowDialin:Not Set]]>
    </line>
    <line>
      <![CDATA[objectClass:organizationalPerson
person
top
user]]>
    </line>
    <line>
      <![CDATA[objectSid:S-1-5-21-1839360793-518795572-315576832-344937]]>
    </line>
    <line>
      <![CDATA[objectType:user]]>
    </line>
    <line>
      <![CDATA[objectguid:{c5b4f5a6-500b-4720-9192-e70e5049c1dd}]]>
    </line>
    <line>
      <![CDATA[pwdLastSet:2019-07-17 13:09:57]]>
    </line>
    <line>
      <![CDATA[sAMAccountName:A888XU57]]>
    </line>
    <line>
      <![CDATA[sn:AlhswowLN57]]>
    </line>
    <line>
      <![CDATA[st:UNKNOWN]]>
    </line>
    <line>
      <![CDATA[street:SyncToAzureAD]]>
    </line>
    <line>
      <![CDATA[title:DM Store Manager]]>
    </line>
    <line>
      <![CDATA[userAccountControl:512]]>
    </line>
    <line>
      <![CDATA[userPrincipalName:aalhswowln57@test.woolworths.com.au]]>
    </line>
    <line>
      <![CDATA[-----------------------------------------------------------------]]>
    </line>
    <line>
      <![CDATA[Google Apps]]>
    </line>
    <line>
      <![CDATA[-----------------------------------------------------------------]]>
    </line>
    <line>
      <![CDATA[addresses:{"type":"work","streetAddress":"null null","locality":"NT","country":"Australia","primary":true}]]>
    </line>
    <line>
      <![CDATA[changePasswordAtNextLogin:true]]>
    </line>
    <line>
      <![CDATA[customSchemas.IIQ_Test.eimIdentitySubType:Employee]]>
    </line>
    <line>
      <![CDATA[customSchemas.IIQ_Test.eimIdentityType:Enterprise Identity]]>
    </line>
    <line>
      <![CDATA[customSchemas.IIQ_Test.entid:AA36382668095]]>
    </line>
    <line>
      <![CDATA[customSchemas.IIQ_Test.entlogonid:A888XU57]]>
    </line>
    <line>
      <![CDATA[customSchemas.SSO_Attributes.Primary_Store_ID:156]]>
    </line>
    <line>
      <![CDATA[customSchemas.WOWCustomSchema.ADID:A888XU57]]>
    </line>
    <line>
      <![CDATA[customSchemas.WOWCustomSchema.EmployeeNumber:A888XU57]]>
    </line>
    <line>
      <![CDATA[customSchemas.WOWCustomSchema.SAPID:A888XU57]]>
    </line>
    <line>
      <![CDATA[customerId:C032u2mae]]>
    </line>
    <line>
      <![CDATA[emails:{"address":"aalhswowln57@test.woolworths.com.au","primary":true}]]>
    </line>
    <line>
      <![CDATA[externalIds:{"value":"A888XU57","type":"organization"}]]>
    </line>
    <line>
      <![CDATA[familyName:AlhswowLN57]]>
    </line>
    <line>
      <![CDATA[fullName:AlhadFN57 AlhswowLN57]]>
    </line>
    <line>
      <![CDATA[givenName:AlhadFN57]]>
    </line>
    <line>
      <![CDATA[includeInGlobalAddressList:true]]>
    </line>
    <line>
      <![CDATA[ipWhitelisted:false]]>
    </line>
    <line>
      <![CDATA[isAdmin:false]]>
    </line>
    <line>
      <![CDATA[isDelegatedAdmin:false]]>
    </line>
    <line>
      <![CDATA[isMailboxSetup:true]]>
    </line>
    <line>
      <![CDATA[lastLoginTime:1970-01-01T00:00:00.000Z]]>
    </line>
    <line>
      <![CDATA[name:{"familyName":"AlhswowLN57","givenName":"AlhadFN57"}]]>
    </line>
    <line>
      <![CDATA[objectID:116982465790859885856]]>
    </line>
    <line>
      <![CDATA[orgUnitPath:/DanMurphy/CorePlus]]>
    </line>
    <line>
      <![CDATA[organizations:{"name":"ALH","title":"DM Store Manager","primary":true,"customType":"work","department":"Dan Murphy\u0027s","location":"Mulgrave DM_ALH"}]]>
    </line>
    <line>
      <![CDATA[primaryEmail:aalhswowln57@test.woolworths.com.au]]>
    </line>
    <line>
      <![CDATA[suspended:false]]>
    </line>
    <line>
      <![CDATA[-----------------------------------------------------------------]]>
    </line>
    <line>
      <![CDATA[ServiceWoW]]>
    </line>
    <line>
      <![CDATA[-----------------------------------------------------------------]]>
    </line>
    <line>
      <![CDATA[AccountAccess:Active]]>
    </line>
    <line>
      <![CDATA[active:true]]>
    </line>
    <line>
      <![CDATA[calendar_integration:Outlook]]>
    </line>
    <line>
      <![CDATA[company:ALH]]>
    </line>
    <line>
      <![CDATA[email:aalhswowln57@test.woolworths.com.au]]>
    </line>
    <line>
      <![CDATA[employee_number:A888XU57]]>
    </line>
    <line>
      <![CDATA[first_name:AlhadFN57]]>
    </line>
    <line>
      <![CDATA[last_name:AlhswowLN57]]>
    </line>
    <line>
      <![CDATA[locked_out:false]]>
    </line>
    <line>
      <![CDATA[name:AlhadFN57 AlhswowLN57]]>
    </line>
    <line>
      <![CDATA[notification:Enable]]>
    </line>
    <line>
      <![CDATA[password_needs_reset:false]]>
    </line>
    <line>
      <![CDATA[source:Sailpoint]]>
    </line>
    <line>
      <![CDATA[sys_class_name:User]]>
    </line>
    <line>
      <![CDATA[sys_created_by:upa.provisioning]]>
    </line>
    <line>
      <![CDATA[sys_created_on:18-07-2019 11:10 AM]]>
    </line>
    <line>
      <![CDATA[sys_domain:global]]>
    </line>
    <line>
      <![CDATA[sys_id:38603f08db7a37c01d21481505961977]]>
    </line>
    <line>
      <![CDATA[sys_mod_count:0]]>
    </line>
    <line>
      <![CDATA[sys_updated_by:upa.provisioning]]>
    </line>
    <line>
      <![CDATA[sys_updated_on:18-07-2019 11:10 AM]]>
    </line>
    <line>
      <![CDATA[title:DM Store Manager]]>
    </line>
    <line>
      <![CDATA[u_enterprise_identity_id:AA36382668095]]>
    </line>
    <line>
      <![CDATA[u_enterprise_logon_id:A888XU57]]>
    </line>
    <line>
      <![CDATA[u_start_date:07-11-2019]]>
    </line>
    <line>
      <![CDATA[u_type:Employee]]>
    </line>
    <line>
      <![CDATA[user_name:A888XU57]]>
    </line>
    <line>
      <![CDATA[vip:false]]>
    </line>
    <line>
      <![CDATA[UserID: A888XU58]]>
    </line>
    <line>
      <![CDATA[------------------]]>
    </line>
    <line>
      <![CDATA[-----------------------------------------------------------------]]>
    </line>
    <line>
      <![CDATA[ALH]]>
    </line>
    <line>
      <![CDATA[-----------------------------------------------------------------]]>
    </line>
    <line>
      <![CDATA[Area:Masters - NSW - Area 2]]>
    </line>
    <line>
      <![CDATA[Area_ID:20000815]]>
    </line>
    <line>
      <![CDATA[Career Group:Retail Operations]]>
    </line>
    <line>
      <![CDATA[Career Level:Team Member (1001)]]>
    </line>
    <line>
      <![CDATA[Career Stream:Retail - Operations]]>
    </line>
    <line>
      <![CDATA[Country:Australia]]>
    </line>
    <line>
      <![CDATA[Default Locale:en_GB]]>
    </line>
    <line>
      <![CDATA[Division:Woolworths Liquor Group]]>
    </line>
    <line>
      <![CDATA[Division_ID:11000020]]>
    </line>
    <line>
      <![CDATA[Employee Id:A888XU58]]>
    </line>
    <line>
      <![CDATA[Employment Type:Salaried]]>
    </line>
    <line>
      <![CDATA[FT/PT Casual:Full-Time - Non EC]]>
    </line>
    <line>
      <![CDATA[First Name:AlhadFN58]]>
    </line>
    <line>
      <![CDATA[Hire Date:2019-12-07 00:00:00]]>
    </line>
    <line>
      <![CDATA[Human Resource:876567]]>
    </line>
    <line>
      <![CDATA[Job Code:Team Member (30001802)]]>
    </line>
    <line>
      <![CDATA[Last Name:AlhswowLN58]]>
    </line>
    <line>
      <![CDATA[Line Manager:true]]>
    </line>
    <line>
      <![CDATA[Location:Albion Hotel (4407)]]>
    </line>
    <line>
      <![CDATA[Location State:VIC]]>
    </line>
    <line>
      <![CDATA[Manager:595370]]>
    </line>
    <line>
      <![CDATA[Middle Name:AlhgleMN58]]>
    </line>
    <line>
      <![CDATA[Ops/Sup:BWS - Store Operations]]>
    </line>
    <line>
      <![CDATA[Ops/Sup_ID:13000003]]>
    </line>
    <line>
      <![CDATA[Paying Department:156]]>
    </line>
    <line>
      <![CDATA[Region:BWS - SA]]>
    </line>
    <line>
      <![CDATA[Region_ID:17000056]]>
    </line>
    <line>
      <![CDATA[STATUS:Active]]>
    </line>
    <line>
      <![CDATA[State:VIC]]>
    </line>
    <line>
      <![CDATA[Store:Capalaba DTh (MGW)]]>
    </line>
    <line>
      <![CDATA[Store_ID:2805]]>
    </line>
    <line>
      <![CDATA[Time Zone:Australia/Perth]]>
    </line>
    <line>
      <![CDATA[Title:BWS Store Manager]]>
    </line>
    <line>
      <![CDATA[Title_ID:P06563]]>
    </line>
    <line>
      <![CDATA[USERID:A888XU58]]>
    </line>
    <line>
      <![CDATA[Username:A888XU58]]>
    </line>
    <line>
      <![CDATA[in EC:2]]>
    </line>
    <line>
      <![CDATA[-----------------------------------------------------------------]]>
    </line>
    <line>
      <![CDATA[Active Directory - CORP.DIR Forest]]>
    </line>
    <line>
      <![CDATA[-----------------------------------------------------------------]]>
    </line>
    <line>
      <![CDATA[Must change password on logon:No]]>
    </line>
    <line>
      <![CDATA[Password Never Expires:No]]>
    </line>
    <line>
      <![CDATA[cn:AlhswowLN58 AlhadFN58]]>
    </line>
    <line>
      <![CDATA[createTimeStamp:2019-07-18 11:09:58]]>
    </line>
    <line>
      <![CDATA[description:Google Email Forward]]>
    </line>
    <line>
      <![CDATA[displayName:AlhswowLN58 AlhadFN58 - Google]]>
    </line>
    <line>
      <![CDATA[distinguishedName:CN=AlhswowLN58 AlhadFN58,OU=Google Users,OU=Contacts,OU=H3794_UAT_Accounts,OU=Accounts,DC=woolworths,DC=com,DC=au]]>
    </line>
    <line>
      <![CDATA[externalEmailAddress:aalhswowln58.test.woolworths.com.au@gapps2.woolworths.com.au]]>
    </line>
    <line>
      <![CDATA[givenName:AlhadFN58]]>
    </line>
    <line>
      <![CDATA[mail:aalhswowln58@test.woolworths.com.au]]>
    </line>
    <line>
      <![CDATA[modifyTimeStamp:2019-07-18 11:09:58]]>
    </line>
    <line>
      <![CDATA[msExchHideFromAddressLists:true]]>
    </line>
    <line>
      <![CDATA[objectClass:contact
organizationalPerson
person
top]]>
    </line>
    <line>
      <![CDATA[objectType:contact]]>
    </line>
    <line>
      <![CDATA[objectguid:{a2710b28-ddf4-4f8c-8c6c-b5a2fe39455d}]]>
    </line>
    <line>
      <![CDATA[sn:AlhswowLN58]]>
    </line>
    <line>
      <![CDATA[-----------------------------------------------------------------]]>
    </line>
    <line>
      <![CDATA[Active Directory - CORP.DIR Forest]]>
    </line>
    <line>
      <![CDATA[-----------------------------------------------------------------]]>
    </line>
    <line>
      <![CDATA[CorrelationKey:A888XU58]]>
    </line>
    <line>
      <![CDATA[Must change password on logon:No]]>
    </line>
    <line>
      <![CDATA[Password Never Expires:No]]>
    </line>
    <line>
      <![CDATA[accountExpires:never]]>
    </line>
    <line>
      <![CDATA[accountFlags:Normal User Account]]>
    </line>
    <line>
      <![CDATA[cn:AlhswowLN58 AlhadFN58]]>
    </line>
    <line>
      <![CDATA[company:Woolworths Group]]>
    </line>
    <line>
      <![CDATA[createTimeStamp:2019-07-18 11:09:57]]>
    </line>
    <line>
      <![CDATA[displayName:AlhswowLN58 AlhadFN58]]>
    </line>
    <line>
      <![CDATA[distinguishedName:CN=AlhswowLN58 AlhadFN58,OU=General,OU=Accounts,OU=H3794_UAT_Accounts,OU=Accounts,DC=woolworths,DC=com,DC=au]]>
    </line>
    <line>
      <![CDATA[employeeID:A888XU58]]>
    </line>
    <line>
      <![CDATA[employeeType:Salaried]]>
    </line>
    <line>
      <![CDATA[givenName:AlhadFN58]]>
    </line>
    <line>
      <![CDATA[modifyTimeStamp:2019-07-18 11:09:57]]>
    </line>
    <line>
      <![CDATA[msDS-PrincipalName:NSWRO\A888XU58]]>
    </line>
    <line>
      <![CDATA[msNPAllowDialin:Not Set]]>
    </line>
    <line>
      <![CDATA[objectClass:organizationalPerson
person
top
user]]>
    </line>
    <line>
      <![CDATA[objectSid:S-1-5-21-1839360793-518795572-315576832-344938]]>
    </line>
    <line>
      <![CDATA[objectType:user]]>
    </line>
    <line>
      <![CDATA[objectguid:{ce613daa-d3d3-4e5c-b12e-ca9d55620690}]]>
    </line>
    <line>
      <![CDATA[pwdLastSet:2019-07-17 13:09:58]]>
    </line>
    <line>
      <![CDATA[sAMAccountName:A888XU58]]>
    </line>
    <line>
      <![CDATA[sn:AlhswowLN58]]>
    </line>
    <line>
      <![CDATA[st:UNKNOWN]]>
    </line>
    <line>
      <![CDATA[street:SyncToAzureAD]]>
    </line>
    <line>
      <![CDATA[title:BWS Store Manager]]>
    </line>
    <line>
      <![CDATA[userAccountControl:512]]>
    </line>
    <line>
      <![CDATA[userPrincipalName:aalhswowln58@test.woolworths.com.au]]>
    </line>
    <line>
      <![CDATA[-----------------------------------------------------------------]]>
    </line>
    <line>
      <![CDATA[Google Apps]]>
    </line>
    <line>
      <![CDATA[-----------------------------------------------------------------]]>
    </line>
    <line>
      <![CDATA[addresses:{"type":"work","streetAddress":"null null","locality":"VIC","country":"Australia","primary":true}]]>
    </line>
    <line>
      <![CDATA[changePasswordAtNextLogin:true]]>
    </line>
    <line>
      <![CDATA[customSchemas.IIQ_Test.eimIdentitySubType:Employee]]>
    </line>
    <line>
      <![CDATA[customSchemas.IIQ_Test.eimIdentityType:Enterprise Identity]]>
    </line>
    <line>
      <![CDATA[customSchemas.IIQ_Test.entid:AA58816964867]]>
    </line>
    <line>
      <![CDATA[customSchemas.IIQ_Test.entlogonid:A888XU58]]>
    </line>
    <line>
      <![CDATA[customSchemas.SSO_Attributes.Primary_Store_ID:156]]>
    </line>
    <line>
      <![CDATA[customSchemas.WOWCustomSchema.ADID:A888XU58]]>
    </line>
    <line>
      <![CDATA[customSchemas.WOWCustomSchema.EmployeeNumber:A888XU58]]>
    </line>
    <line>
      <![CDATA[customSchemas.WOWCustomSchema.SAPID:A888XU58]]>
    </line>
    <line>
      <![CDATA[customerId:C032u2mae]]>
    </line>
    <line>
      <![CDATA[emails:{"address":"aalhswowln58@test.woolworths.com.au","primary":true}]]>
    </line>
    <line>
      <![CDATA[externalIds:{"value":"A888XU58","type":"organization"}]]>
    </line>
    <line>
      <![CDATA[familyName:AlhswowLN58]]>
    </line>
    <line>
      <![CDATA[fullName:AlhadFN58 AlhswowLN58]]>
    </line>
    <line>
      <![CDATA[givenName:AlhadFN58]]>
    </line>
    <line>
      <![CDATA[includeInGlobalAddressList:true]]>
    </line>
    <line>
      <![CDATA[ipWhitelisted:false]]>
    </line>
    <line>
      <![CDATA[isAdmin:false]]>
    </line>
    <line>
      <![CDATA[isDelegatedAdmin:false]]>
    </line>
    <line>
      <![CDATA[isMailboxSetup:true]]>
    </line>
    <line>
      <![CDATA[lastLoginTime:1970-01-01T00:00:00.000Z]]>
    </line>
    <line>
      <![CDATA[name:{"familyName":"AlhswowLN58","givenName":"AlhadFN58"}]]>
    </line>
    <line>
      <![CDATA[objectID:114812986213995767403]]>
    </line>
    <line>
      <![CDATA[orgUnitPath:/Woolworths/CorePlus]]>
    </line>
    <line>
      <![CDATA[organizations:{"name":"ALH","title":"BWS Store Manager","primary":true,"customType":"work","department":"Woolworths Liquor Group","location":"Capalaba DTh (MGW)"}]]>
    </line>
    <line>
      <![CDATA[primaryEmail:aalhswowln58@test.woolworths.com.au]]>
    </line>
    <line>
      <![CDATA[suspended:false]]>
    </line>
    <line>
      <![CDATA[-----------------------------------------------------------------]]>
    </line>
    <line>
      <![CDATA[ServiceWoW]]>
    </line>
    <line>
      <![CDATA[-----------------------------------------------------------------]]>
    </line>
    <line>
      <![CDATA[AccountAccess:Active]]>
    </line>
    <line>
      <![CDATA[active:true]]>
    </line>
    <line>
      <![CDATA[calendar_integration:Outlook]]>
    </line>
    <line>
      <![CDATA[company:ALH]]>
    </line>
    <line>
      <![CDATA[email:aalhswowln58@test.woolworths.com.au]]>
    </line>
    <line>
      <![CDATA[employee_number:A888XU58]]>
    </line>
    <line>
      <![CDATA[first_name:AlhadFN58]]>
    </line>
    <line>
      <![CDATA[last_name:AlhswowLN58]]>
    </line>
    <line>
      <![CDATA[locked_out:false]]>
    </line>
    <line>
      <![CDATA[name:AlhadFN58 AlhswowLN58]]>
    </line>
    <line>
      <![CDATA[notification:Enable]]>
    </line>
    <line>
      <![CDATA[password_needs_reset:false]]>
    </line>
    <line>
      <![CDATA[source:Sailpoint]]>
    </line>
    <line>
      <![CDATA[sys_class_name:User]]>
    </line>
    <line>
      <![CDATA[sys_created_by:upa.provisioning]]>
    </line>
    <line>
      <![CDATA[sys_created_on:18-07-2019 11:10 AM]]>
    </line>
    <line>
      <![CDATA[sys_domain:global]]>
    </line>
    <line>
      <![CDATA[sys_id:05607bc0dbfa7b806f26cae43a961966]]>
    </line>
    <line>
      <![CDATA[sys_mod_count:0]]>
    </line>
    <line>
      <![CDATA[sys_updated_by:upa.provisioning]]>
    </line>
    <line>
      <![CDATA[sys_updated_on:18-07-2019 11:10 AM]]>
    </line>
    <line>
      <![CDATA[title:BWS Store Manager]]>
    </line>
    <line>
      <![CDATA[u_enterprise_identity_id:AA58816964867]]>
    </line>
    <line>
      <![CDATA[u_enterprise_logon_id:A888XU58]]>
    </line>
    <line>
      <![CDATA[u_start_date:07-12-2019]]>
    </line>
    <line>
      <![CDATA[u_type:Employee]]>
    </line>
    <line>
      <![CDATA[user_name:A888XU58]]>
    </line>
    <line>
      <![CDATA[vip:false]]>
    </line>
    <line>
      <![CDATA[UserID: A888XU59]]>
    </line>
    <line>
      <![CDATA[------------------]]>
    </line>
    <line>
      <![CDATA[-----------------------------------------------------------------]]>
    </line>
    <line>
      <![CDATA[ALH]]>
    </line>
    <line>
      <![CDATA[-----------------------------------------------------------------]]>
    </line>
    <line>
      <![CDATA[Area:BWS - QLD - Area 5]]>
    </line>
    <line>
      <![CDATA[Area_ID:20000118]]>
    </line>
    <line>
      <![CDATA[Career Group:Retail Operations]]>
    </line>
    <line>
      <![CDATA[Career Level:Team Member (1001)]]>
    </line>
    <line>
      <![CDATA[Career Stream:Retail - Operations]]>
    </line>
    <line>
      <![CDATA[Country:Australia]]>
    </line>
    <line>
      <![CDATA[Default Locale:en_GB]]>
    </line>
    <line>
      <![CDATA[Division:ALH Group]]>
    </line>
    <line>
      <![CDATA[Division_ID:11000015]]>
    </line>
    <line>
      <![CDATA[Employee Id:A888XU59]]>
    </line>
    <line>
      <![CDATA[Employment Type:EBA/Wage]]>
    </line>
    <line>
      <![CDATA[FT/PT Casual:Casual - Non EC]]>
    </line>
    <line>
      <![CDATA[First Name:AlhadFN59]]>
    </line>
    <line>
      <![CDATA[Hire Date:2019-11-07 00:00:00]]>
    </line>
    <line>
      <![CDATA[Human Resource:677971]]>
    </line>
    <line>
      <![CDATA[Job Code:Team Member (30001802)]]>
    </line>
    <line>
      <![CDATA[Last Name:AlhswowLN59]]>
    </line>
    <line>
      <![CDATA[Line Manager:false]]>
    </line>
    <line>
      <![CDATA[Location:Villa Noosa Hotel/Motel (2798)]]>
    </line>
    <line>
      <![CDATA[Location State:NSW]]>
    </line>
    <line>
      <![CDATA[Manager:595370]]>
    </line>
    <line>
      <![CDATA[Middle Name:AlhgleMN59]]>
    </line>
    <line>
      <![CDATA[Ops/Sup:BWS - Store Operations]]>
    </line>
    <line>
      <![CDATA[Ops/Sup_ID:13000003]]>
    </line>
    <line>
      <![CDATA[Paying Department:156]]>
    </line>
    <line>
      <![CDATA[Region:BWS - Buying Group]]>
    </line>
    <line>
      <![CDATA[Region_ID:17000051]]>
    </line>
    <line>
      <![CDATA[STATUS:Active]]>
    </line>
    <line>
      <![CDATA[State:NSW]]>
    </line>
    <line>
      <![CDATA[Store:Fairy Meadow Charle Htl BWS (ALH) CLOSED]]>
    </line>
    <line>
      <![CDATA[Store_ID:1975]]>
    </line>
    <line>
      <![CDATA[Time Zone:Australia/Adelaide]]>
    </line>
    <line>
      <![CDATA[Title:BWS Store Manager]]>
    </line>
    <line>
      <![CDATA[Title_ID:P17763]]>
    </line>
    <line>
      <![CDATA[USERID:A888XU59]]>
    </line>
    <line>
      <![CDATA[Username:A888XU59]]>
    </line>
    <line>
      <![CDATA[in EC:2]]>
    </line>
    <line>
      <![CDATA[-----------------------------------------------------------------]]>
    </line>
    <line>
      <![CDATA[Active Directory - CORP.DIR Forest]]>
    </line>
    <line>
      <![CDATA[-----------------------------------------------------------------]]>
    </line>
    <line>
      <![CDATA[Must change password on logon:No]]>
    </line>
    <line>
      <![CDATA[Password Never Expires:No]]>
    </line>
    <line>
      <![CDATA[cn:AlhswowLN59 AlhadFN59]]>
    </line>
    <line>
      <![CDATA[createTimeStamp:2019-07-18 11:10:12]]>
    </line>
    <line>
      <![CDATA[description:Google Email Forward]]>
    </line>
    <line>
      <![CDATA[displayName:AlhswowLN59 AlhadFN59 - Google]]>
    </line>
    <line>
      <![CDATA[distinguishedName:CN=AlhswowLN59 AlhadFN59,OU=Google Users,OU=Contacts,OU=H3794_UAT_Accounts,OU=Accounts,DC=woolworths,DC=com,DC=au]]>
    </line>
    <line>
      <![CDATA[externalEmailAddress:aalhswowln59.test.woolworths.com.au@gapps2.woolworths.com.au]]>
    </line>
    <line>
      <![CDATA[givenName:AlhadFN59]]>
    </line>
    <line>
      <![CDATA[mail:aalhswowln59@test.woolworths.com.au]]>
    </line>
    <line>
      <![CDATA[modifyTimeStamp:2019-07-18 11:10:12]]>
    </line>
    <line>
      <![CDATA[msExchHideFromAddressLists:true]]>
    </line>
    <line>
      <![CDATA[objectClass:contact
organizationalPerson
person
top]]>
    </line>
    <line>
      <![CDATA[objectType:contact]]>
    </line>
    <line>
      <![CDATA[objectguid:{c3957ef5-0f03-4f78-a82a-3c919f9c8bee}]]>
    </line>
    <line>
      <![CDATA[sn:AlhswowLN59]]>
    </line>
    <line>
      <![CDATA[-----------------------------------------------------------------]]>
    </line>
    <line>
      <![CDATA[Active Directory - CORP.DIR Forest]]>
    </line>
    <line>
      <![CDATA[-----------------------------------------------------------------]]>
    </line>
    <line>
      <![CDATA[CorrelationKey:A888XU59]]>
    </line>
    <line>
      <![CDATA[Must change password on logon:No]]>
    </line>
    <line>
      <![CDATA[Password Never Expires:No]]>
    </line>
    <line>
      <![CDATA[accountExpires:never]]>
    </line>
    <line>
      <![CDATA[accountFlags:Normal User Account]]>
    </line>
    <line>
      <![CDATA[cn:AlhswowLN59 AlhadFN59]]>
    </line>
    <line>
      <![CDATA[company:Woolworths Group]]>
    </line>
    <line>
      <![CDATA[createTimeStamp:2019-07-18 11:10:11]]>
    </line>
    <line>
      <![CDATA[displayName:AlhswowLN59 AlhadFN59]]>
    </line>
    <line>
      <![CDATA[distinguishedName:CN=AlhswowLN59 AlhadFN59,OU=General,OU=Accounts,OU=H3794_UAT_Accounts,OU=Accounts,DC=woolworths,DC=com,DC=au]]>
[...]
            </line>
            <line>
              <![CDATA[title:BWS Store Manager]]>
            </line>
            <line>
              <![CDATA[u_enterprise_identity_id:AA04041592487]]>
            </line>
            <line>
              <![CDATA[u_enterprise_logon_id:A888XU59]]>
            </line>
            <line>
              <![CDATA[u_start_date:07-11-2019]]>
            </line>
            <line>
              <![CDATA[u_type:Employee]]>
            </line>
            <line>
              <![CDATA[user_name:A888XU59]]>
            </line>
            <line>
              <![CDATA[vip:false]]>
            </line>
          </reporter-output>
        </test-method> <!-- verifyTheData -->
        <test-method status="PASS" signature="verifyTheData(java.lang.String, java.lang.String, java.lang.String)[pri:0, instance:com.upasailpoint.testcase.IdentityVerify@4cf777e8]" name="verifyTheData" duration-ms="89484" started-at="2019-07-18T01:33:40Z" data-provider="fetchdata" finished-at="2019-07-18T01:35:09Z">
          <params>
            <param index="0">
              <value>
                <![CDATA[A888XU60]]>
              </value>
            </param>
            <param index="1">
              <value>
                <![CDATA[A888XU60]]>
              </value>
            </param>
            <param index="2">
              <value>
                <![CDATA[ALH]]>
              </value>
            </param>
          </params>
          <reporter-output>
            <line>
              <![CDATA[UserID: A888XU60]]>
            </line>
            <line>
              <![CDATA[------------------]]>
            </line>
            <line>
              <![CDATA[-----------------------------------------------------------------]]>
            </line>
            <line>
              <![CDATA[ALH]]>
            </line>
            <line>
              <![CDATA[-----------------------------------------------------------------]]>
            </line>
            <line>
              <![CDATA[Address 1:Others]]>
            </line>
            <line>
              <![CDATA[Address 2:Others]]>
            </line>
            <line>
              <![CDATA[Area:GM BWS Operations]]>
            </line>
            <line>
              <![CDATA[Area_ID:20000234]]>
            </line>
            <line>
              <![CDATA[Career Group:Retail Operations]]>
            </line>
            <line>
              <![CDATA[Career Level:Team Member (1001)]]>
            </line>
            <line>
              <![CDATA[Career Stream:Retail - Operations]]>
            </line>
            <line>
              <![CDATA[City:Others]]>
            </line>
            <line>
              <![CDATA[Country:Australia]]>
            </line>
            <line>
              <![CDATA[Custom Manager:Others]]>
            </line>
            <line>
              <![CDATA[Customizable Field 13:Others]]>
            </line>
            <line>
              <![CDATA[Customizable Field 14:Others]]>
            </line>
            <line>
              <![CDATA[Default Locale:en_GB]]>
            </line>
            <line>
              <![CDATA[Division:Woolworths Liquor Group]]>
            </line>
            <line>
              <![CDATA[Division_ID:11000020]]>
            </line>
            <line>
              <![CDATA[Employee Id:A888XU60]]>
            </line>
            <line>
              <![CDATA[Employment Type:Salaried]]>
            </line>
            <line>
              <![CDATA[FT/PT Casual:Casual - Non EC]]>
            </line>
            <line>
              <![CDATA[First Name:AlhadFN60]]>
            </line>
            <line>
              <![CDATA[HR Level:Others]]>
            </line>
            <line>
              <![CDATA[Hire Date:2021-01-07 00:00:00]]>
            </line>
            <line>
              <![CDATA[Human Resource:876567]]>
            </line>
            <line>
              <![CDATA[Job Code:Team Member (30001802)]]>
            </line>
            <line>
              <![CDATA[Last Name:AlhswowLN60]]>
            </line>
            <line>
              <![CDATA[Last Review Date:Others]]>
            </line>
            <line>
              <![CDATA[Line Manager:true]]>
            </line>
            <line>
              <![CDATA[Location:Alexandra Headlands (2346)]]>
            </line>
            <line>
              <![CDATA[Location State:WA]]>
            </line>
            <line>
              <![CDATA[Manager:595370]]>
            </line>
            <line>
              <![CDATA[Middle Name:AlhgleMN60]]>
            </line>
            <line>
              <![CDATA[Ops/Sup:WLG - Store Support]]>
            </line>
            <line>
              <![CDATA[Ops/Sup_ID:13000028]]>
            </line>
            <line>
              <![CDATA[Paying Department:156]]>
            </line>
            <line>
              <![CDATA[Region:GM BWS Operations]]>
            </line>
            <line>
              <![CDATA[Region_ID:17000095]]>
            </line>
            <line>
              <![CDATA[Review Frequency:Others]]>
            </line>
            <line>
              <![CDATA[STATUS:Active]]>
            </line>
            <line>
              <![CDATA[Second Manager:Others]]>
            </line>
            <line>
              <![CDATA[State:WA]]>
            </line>
            <line>
              <![CDATA[Store:Innaloo BWS (ALH)]]>
            </line>
            <line>
              <![CDATA[Store_ID:4146]]>
            </line>
            <line>
              <![CDATA[Time Zone:Australia/Sydney]]>
            </line>
            <line>
              <![CDATA[Title:BWS Store Manager]]>
            </line>
            <line>
              <![CDATA[Title_ID:P02467]]>
            </line>
            <line>
              <![CDATA[USERID:A888XU60]]>
            </line>
            <line>
              <![CDATA[Username:A888XU60]]>
            </line>
            <line>
              <![CDATA[ZIP:Others]]>
            </line>
            <line>
              <![CDATA[in EC:2]]>
            </line>
            <line>
              <![CDATA[-----------------------------------------------------------------]]>
            </line>
            <line>
              <![CDATA[Active Directory - CORP.DIR Forest]]>
            </line>
            <line>
              <![CDATA[-----------------------------------------------------------------]]>
            </line>
            <line>
              <![CDATA[Must change password on logon:No]]>
            </line>
            <line>
              <![CDATA[Password Never Expires:No]]>
            </line>
            <line>
              <![CDATA[cn:AlhswowLN60 AlhadFN60]]>
            </line>
            <line>
              <![CDATA[createTimeStamp:2019-07-18 11:10:35]]>
            </line>
            <line>
              <![CDATA[description:Google Email Forward]]>
            </line>
            <line>
              <![CDATA[displayName:AlhswowLN60 AlhadFN60 - Google]]>
            </line>
            <line>
              <![CDATA[distinguishedName:CN=AlhswowLN60 AlhadFN60,OU=Google Users,OU=Contacts,OU=H3794_UAT_Accounts,OU=Accounts,DC=woolworths,DC=com,DC=au]]>
            </line>
            <line>
              <![CDATA[externalEmailAddress:aalhswowln60.test.woolworths.com.au@gapps2.woolworths.com.au]]>
            </line>
            <line>
              <![CDATA[givenName:AlhadFN60]]>
            </line>
            <line>
              <![CDATA[mail:aalhswowln60@test.woolworths.com.au]]>
            </line>
            <line>
              <![CDATA[modifyTimeStamp:2019-07-18 11:10:35]]>
            </line>
            <line>
              <![CDATA[msExchHideFromAddressLists:true]]>
            </line>
            <line>
              <![CDATA[objectClass:contact
organizationalPerson
person
top]]>
            </line>
            <line>
              <![CDATA[objectType:contact]]>
            </line>
            <line>
              <![CDATA[objectguid:{9be34d80-696b-49fc-9faa-62046cd7aa80}]]>
            </line>
            <line>
              <![CDATA[sn:AlhswowLN60]]>
            </line>
            <line>
              <![CDATA[-----------------------------------------------------------------]]>
            </line>
            <line>
              <![CDATA[Active Directory - CORP.DIR Forest]]>
            </line>
            <line>
              <![CDATA[-----------------------------------------------------------------]]>
            </line>
            <line>
              <![CDATA[CorrelationKey:A888XU60]]>
            </line>
            <line>
              <![CDATA[Must change password on logon:No]]>
            </line>
            <line>
              <![CDATA[Password Never Expires:No]]>
            </line>
            <line>
              <![CDATA[accountExpires:never]]>
            </line>
            <line>
              <![CDATA[accountFlags:Normal User Account]]>
            </line>
            <line>
              <![CDATA[cn:AlhswowLN60 AlhadFN60]]>
            </line>
            <line>
              <![CDATA[company:Woolworths Group]]>
            </line>
            <line>
              <![CDATA[createTimeStamp:2019-07-18 11:10:34]]>
            </line>
            <line>
              <![CDATA[displayName:AlhswowLN60 AlhadFN60]]>
            </line>
            <line>
              <![CDATA[distinguishedName:CN=AlhswowLN60 AlhadFN60,OU=General,OU=Accounts,OU=H3794_UAT_Accounts,OU=Accounts,DC=woolworths,DC=com,DC=au]]>
            </line>
            <line>
              <![CDATA[employeeID:A888XU60]]>
            </line>
            <line>
              <![CDATA[employeeType:Salaried]]>
            </line>
            <line>
              <![CDATA[givenName:AlhadFN60]]>
            </line>
            <line>
              <![CDATA[modifyTimeStamp:2019-07-18 11:10:34]]>
            </line>
            <line>
              <![CDATA[msDS-PrincipalName:NSWRO\A888XU60]]>
            </line>
            <line>
              <![CDATA[msNPAllowDialin:Not Set]]>
            </line>
            <line>
              <![CDATA[objectClass:organizationalPerson
person
top
user]]>
            </line>
            <line>
              <![CDATA[objectSid:S-1-5-21-1839360793-518795572-315576832-344940]]>
            </line>
            <line>
              <![CDATA[objectType:user]]>
            </line>
            <line>
              <![CDATA[objectguid:{2962f6b0-6caf-4998-b971-282a9fb6108a}]]>
            </line>
            <line>
              <![CDATA[pwdLastSet:2019-07-17 13:10:35]]>
            </line>
            <line>
              <![CDATA[sAMAccountName:A888XU60]]>
            </line>
            <line>
              <![CDATA[sn:AlhswowLN60]]>
            </line>
            <line>
              <![CDATA[st:UNKNOWN]]>
            </line>
            <line>
              <![CDATA[street:SyncToAzureAD]]>
            </line>
            <line>
              <![CDATA[title:BWS Store Manager]]>
            </line>
            <line>
              <![CDATA[userAccountControl:512]]>
            </line>
            <line>
              <![CDATA[userPrincipalName:aalhswowln60@test.woolworths.com.au]]>
            </line>
            <line>
              <![CDATA[-----------------------------------------------------------------]]>
            </line>
            <line>
              <![CDATA[Google Apps]]>
            </line>
            <line>
              <![CDATA[-----------------------------------------------------------------]]>
            </line>
            <line>
              <![CDATA[addresses:{"type":"work","streetAddress":"Others Others","locality":"WA","region":"Others","postalCode":"Others","country":"Australia","primary":true}]]>
            </line>
            <line>
              <![CDATA[changePasswordAtNextLogin:true]]>
            </line>
            <line>
              <![CDATA[customSchemas.IIQ_Test.eimIdentitySubType:Employee]]>
            </line>
            <line>
              <![CDATA[customSchemas.IIQ_Test.eimIdentityType:Enterprise Identity]]>
            </line>
            <line>
              <![CDATA[customSchemas.IIQ_Test.entid:AA26098899221]]>
            </line>
            <line>
              <![CDATA[customSchemas.IIQ_Test.entlogonid:A888XU60]]>
            </line>
            <line>
              <![CDATA[customSchemas.SSO_Attributes.Primary_Store_ID:156]]>
            </line>
            <line>
              <![CDATA[customSchemas.WOWCustomSchema.ADID:A888XU60]]>
            </line>
            <line>
              <![CDATA[customSchemas.WOWCustomSchema.EmployeeNumber:A888XU60]]>
            </line>
            <line>
              <![CDATA[customSchemas.WOWCustomSchema.SAPID:A888XU60]]>
            </line>
            <line>
              <![CDATA[customerId:C032u2mae]]>
            </line>
            <line>
              <![CDATA[emails:{"address":"aalhswowln60@test.woolworths.com.au","primary":true}]]>
            </line>
            <line>
              <![CDATA[externalIds:{"value":"A888XU60","type":"organization"}]]>
            </line>
            <line>
              <![CDATA[familyName:AlhswowLN60]]>
            </line>
            <line>
              <![CDATA[fullName:AlhadFN60 AlhswowLN60]]>
            </line>
            <line>
              <![CDATA[givenName:AlhadFN60]]>
            </line>
            <line>
              <![CDATA[includeInGlobalAddressList:true]]>
            </line>
            <line>
              <![CDATA[ipWhitelisted:false]]>
            </line>
            <line>
              <![CDATA[isAdmin:false]]>
            </line>
            <line>
              <![CDATA[isDelegatedAdmin:false]]>
            </line>
            <line>
              <![CDATA[isMailboxSetup:true]]>
            </line>
            <line>
              <![CDATA[lastLoginTime:1970-01-01T00:00:00.000Z]]>
            </line>
            <line>
              <![CDATA[name:{"familyName":"AlhswowLN60","givenName":"AlhadFN60"}]]>
            </line>
            <line>
              <![CDATA[objectID:110867854394130871003]]>
            </line>
            <line>
              <![CDATA[orgUnitPath:/Woolworths/CorePlus]]>
            </line>
            <line>
              <![CDATA[organizations:{"name":"ALH","title":"BWS Store Manager","primary":true,"customType":"work","department":"Woolworths Liquor Group","location":"Innaloo BWS (ALH)"}]]>
            </line>
            <line>
              <![CDATA[primaryEmail:aalhswowln60@test.woolworths.com.au]]>
            </line>
            <line>
              <![CDATA[suspended:false]]>
            </line>
            <line>
              <![CDATA[-----------------------------------------------------------------]]>
            </line>
            <line>
              <![CDATA[ServiceWoW]]>
            </line>
            <line>
              <![CDATA[-----------------------------------------------------------------]]>
            </line>
            <line>
              <![CDATA[AccountAccess:Active]]>
            </line>
            <line>
              <![CDATA[active:true]]>
            </line>
            <line>
              <![CDATA[calendar_integration:Outlook]]>
            </line>
            <line>
              <![CDATA[company:ALH]]>
            </line>
            <line>
              <![CDATA[email:aalhswowln60@test.woolworths.com.au]]>
            </line>
            <line>
              <![CDATA[employee_number:A888XU60]]>
            </line>
            <line>
              <![CDATA[first_name:AlhadFN60]]>
            </line>
            <line>
              <![CDATA[last_name:AlhswowLN60]]>
            </line>
            <line>
              <![CDATA[locked_out:false]]>
            </line>
            <line>
              <![CDATA[name:AlhadFN60 AlhswowLN60]]>
            </line>
            <line>
              <![CDATA[notification:Enable]]>
            </line>
            <line>
              <![CDATA[password_needs_reset:false]]>
            </line>
            <line>
              <![CDATA[source:Sailpoint]]>
            </line>
            <line>
              <![CDATA[street:Others]]>
            </line>
            <line>
              <![CDATA[sys_class_name:User]]>
            </line>
            <line>
              <![CDATA[sys_created_by:upa.provisioning]]>
            </line>
            <line>
              <![CDATA[sys_created_on:18-07-2019 11:10 AM]]>
            </line>
            <line>
              <![CDATA[sys_domain:global]]>
            </line>
            <line>
              <![CDATA[sys_id:ce807b48db7a37c01d214815059619aa]]>
            </line>
            <line>
              <![CDATA[sys_mod_count:0]]>
            </line>
            <line>
              <![CDATA[sys_updated_by:upa.provisioning]]>
            </line>
            <line>
              <![CDATA[sys_updated_on:18-07-2019 11:10 AM]]>
            </line>
            <line>
              <![CDATA[title:BWS Store Manager]]>
            </line>
            <line>
              <![CDATA[u_enterprise_identity_id:AA26098899221]]>
            </line>
            <line>
              <![CDATA[u_enterprise_logon_id:A888XU60]]>
            </line>
            <line>
              <![CDATA[u_start_date:07-01-2021]]>
            </line>
            <line>
              <![CDATA[u_street_2:Others]]>
            </line>
            <line>
              <![CDATA[u_type:Employee]]>
            </line>
            <line>
              <![CDATA[user_name:A888XU60]]>
            </line>
            <line>
              <![CDATA[vip:false]]>
            </line>
          </reporter-output>
        </test-method> <!-- verifyTheData -->
        <test-method status="PASS" signature="afterMethod()[pri:0, instance:com.upasailpoint.testcase.IdentityVerify@4cf777e8]" name="afterMethod" is-config="true" duration-ms="0" started-at="2019-07-18T01:33:40Z" finished-at="2019-07-18T01:33:40Z">
          <reporter-output>
          </reporter-output>
        </test-method> <!-- afterMethod -->
        <test-method status="PASS" signature="afterMethod()[pri:0, instance:com.upasailpoint.testcase.IdentityVerify@4cf777e8]" name="afterMethod" is-config="true" duration-ms="1" started-at="2019-07-18T01:35:09Z" finished-at="2019-07-18T01:35:09Z">
          <reporter-output>
          </reporter-output>
        </test-method> <!-- afterMethod -->
        <test-method status="PASS" signature="afterTest()[pri:0, instance:com.upasailpoint.testcase.IdentityVerify@4cf777e8]" name="afterTest" is-config="true" duration-ms="2194" started-at="2019-07-18T01:35:09Z" finished-at="2019-07-18T01:35:11Z">
          <reporter-output>
          </reporter-output>
        </test-method> <!-- afterTest -->
        <test-method status="PASS" signature="afterSuite()[pri:0, instance:com.upasailpoint.testcase.IdentityVerify@4cf777e8]" name="afterSuite" is-config="true" duration-ms="1615" started-at="2019-07-18T01:35:12Z" finished-at="2019-07-18T01:35:13Z">
          <reporter-output>
          </reporter-output>
        </test-method> <!-- afterSuite -->
      </class> <!-- com.upasailpoint.testcase.IdentityVerify -->
    </test> <!-- Default test -->
  </suite> <!-- Default suite -->
</testng-results>
